00:00:00.118904 VirtualBox GUI (separate) 7.0.10 r158379 win.amd64 (Jul 12 2023 18:34:34) release log
00:00:00.118906 Log opened 2024-01-27T14:05:18.756719500Z
00:00:00.118906 Build Type: release
00:00:00.118909 OS Product: Windows 11
00:00:00.118909 OS Release: 10.0.22621
00:00:00.118910 OS Service Pack: 
00:00:00.130400 DMI Product Name: Z390 GAMING SLI
00:00:00.133962 DMI Product Version: Default string
00:00:00.133973 Firmware type: UEFI
00:00:00.134280 Secure Boot: VERR_PRIVILEGE_NOT_HELD
00:00:00.134300 Host RAM: 65467MB (63.9GB) total, 53829MB (52.5GB) available
00:00:00.134303 Executable: C:\Program Files\Oracle\VirtualBox\VirtualBoxVM.exe
00:00:00.134304 Process ID: 13336
00:00:00.134304 Package type: WINDOWS_64BITS_GENERIC
00:00:00.135066 GUI: UIMediumEnumerator: Initial medium-enumeration finished!
00:00:00.674984 GUI: UIMediumEnumerator: Medium-enumeration started...
00:00:00.901655 GUI: UIFrameBufferPrivate::performResize: Size=640x480, Using fallback buffer since no source bitmap is provided
00:00:00.906089 DnD: User Interface Privilege Isolation (UIPI) is running with SECURITY_MANDATORY_MEDIUM_RID
00:00:00.906523 GUI: UIMachineViewNormal::resendSizeHint: Restoring guest size-hint for screen 0 to 800x600
00:00:01.024848 GUI: UIMediumEnumerator: Medium-enumeration finished!
00:00:01.024878 GUI: UIFrameBufferPrivate::performResize: Size=1024x768, Using fallback buffer since no source bitmap is provided
00:00:01.061449 GUI: UISession::sltAdditionsChange: GA state really changed, notifying listeners
00:00:01.061475 GUI: UIMachineViewNormal::adjustGuestScreenSize: Adjust guest-screen size if necessary
00:00:01.061577 GUI: UISession::sltAdditionsChange: GA state change event came, notifying listeners
00:00:01.061583 GUI: UIMachineLogicNormal::sltCheckForRequestedVisualStateType: Requested-state=1, Machine-state=6
00:00:01.062440 GUI: HID LEDs sync is enabled
00:00:01.079206 GUI: UIMachineLogicNormal::sltCheckForRequestedVisualStateType: Requested-state=1, Machine-state=6
00:00:01.349279 GUI: UIMediumEnumerator: Medium-enumeration finished!
00:00:03.281320 GUI: Request for close-action to power VM off.
00:00:03.282070 GUI: Powering VM off..
00:00:03.299406 GUI: UIMediumEnumerator: Medium-enumeration finished!
00:00:03.349899 GUI: Passing request to close Runtime UI from UI session to UI machine.
00:00:03.354296 GUI: UICommon: Handling aboutToQuit request..
00:00:04.295974 ERROR [COM]: aRC=E_UNEXPECTED (0x8000ffff) aIID={c0447716-ff5a-4795-b57a-ecd5fffa18a4} aComponent={SessionWrap} aText={The session is not locked (session state: Unlocked)}, preserve=false aResultDetail=0
00:00:04.301258 ERROR [COM]: aRC=E_UNEXPECTED (0x8000ffff) aIID={c0447716-ff5a-4795-b57a-ecd5fffa18a4} aComponent={SessionWrap} aText={The session is not locked (session state: Unlocked)}, preserve=false aResultDetail=0
00:00:04.324046 GUI: UICommon: aboutToQuit request handled!
