00:00:04.577678 VirtualBox VM 7.0.10 r158379 win.amd64 (Jul 12 2023 18:34:34) release log
00:00:04.577680 Log opened 2024-01-27T14:52:54.325431000Z
00:00:04.577680 Build Type: release
00:00:04.577684 OS Product: Windows 11
00:00:04.577684 OS Release: 10.0.22621
00:00:04.577685 OS Service Pack: 
00:00:04.682941 DMI Product Name: Z390 GAMING SLI
00:00:04.692502 DMI Product Version: Default string
00:00:04.692517 Firmware type: UEFI
00:00:04.692925 Secure Boot: VERR_PRIVILEGE_NOT_HELD
00:00:04.692946 Host RAM: 65467MB (63.9GB) total, 54731MB (53.4GB) available
00:00:04.692948 Executable: C:\Program Files\Oracle\VirtualBox\VirtualBoxVM.exe
00:00:04.692949 Process ID: 21572
00:00:04.692949 Package type: WINDOWS_64BITS_GENERIC
00:00:04.694100 Installed Extension Packs:
00:00:04.694117   Oracle VM VirtualBox Extension Pack (Version: 7.0.2 r154219; VRDE Module: VBoxVRDP; Crypto Module: VBoxPuelCrypto)
00:00:04.694835 Console: Machine state changed to 'Starting'
00:00:04.694967 Qt version: 5.15.2
00:00:04.704293 GUI: UIMediumEnumerator: Medium-enumeration finished!
00:00:04.770710 GUI: UIMediumEnumerator: Medium-enumeration finished!
00:00:04.813884 SUP: seg #0: R   0x00000000 LB 0x00001000
00:00:04.813898 SUP: seg #1: R X 0x00001000 LB 0x00179000
00:00:04.813902 SUP: seg #2: R   0x0017a000 LB 0x00051000
00:00:04.813905 SUP: seg #3: RW  0x001cb000 LB 0x00013000
00:00:04.813908 SUP: seg #4: R   0x001de000 LB 0x00011000
00:00:04.813912 SUP: seg #5: RW  0x001ef000 LB 0x00004000
00:00:04.813915 SUP: seg #6: R   0x001f3000 LB 0x00010000
00:00:04.813918 SUP: seg #7: R X 0x00203000 LB 0x00002000
00:00:04.813921 SUP: seg #8: R   0x00205000 LB 0x00007000
00:00:04.815909 SUP: Loaded VMMR0.r0 (C:\Program Files\Oracle\VirtualBox/VMMR0.r0) at 0xXXXXXXXXXXXXXXXX - ModuleInit at XXXXXXXXXXXXXXXX and ModuleTerm at XXXXXXXXXXXXXXXX using the native ring-0 loader
00:00:04.815936 SUP: VMMR0EntryEx located at XXXXXXXXXXXXXXXX and VMMR0EntryFast at XXXXXXXXXXXXXXXX
00:00:04.815939 SUP: windbg> .reload /f C:\Program Files\Oracle\VirtualBox/VMMR0.r0=0xXXXXXXXXXXXXXXXX
00:00:04.821626 Guest OS type: 'Ubuntu_64'
00:00:04.822087 fHMForced=true - No raw-mode support in this build!
00:00:04.824765 File system of 'C:\Users\pozda\VirtualBox VMs\files011\ubuntu-focal-20.04-cloudimg.vmdk' is ntfs
00:00:04.825566 File system of 'C:\Users\pozda\VirtualBox VMs\files011\ubuntu-focal-20.04-cloudimg-configdrive.vmdk' is ntfs
00:00:04.975985 Audio: Detected default audio driver type is 'HostAudioWas'
00:00:04.994156 Shared Clipboard: Service loaded
00:00:04.994170 Shared Clipboard: Mode: Off
00:00:04.994397 Shared Clipboard: Service running in normal mode
00:00:05.009839 Drag and drop service loaded
00:00:05.009850 Drag and drop mode: Off
00:00:05.036632 Per-VM extradata API settings:
00:00:05.036642   VBoxInternal2/SharedFoldersEnableSymlinksCreate/vagrant="1"
00:00:05.036846 ************************* CFGM dump *************************
00:00:05.036851 [/] (level 0)
00:00:05.036853   CpuExecutionCap   <integer> = 0x0000000000000064 (100)
00:00:05.036854   EnablePAE         <integer> = 0x0000000000000001 (1)
00:00:05.036855   HMEnabled         <integer> = 0x0000000000000001 (1)
00:00:05.036856   MemBalloonSize    <integer> = 0x0000000000000000 (0, 0 B)
00:00:05.036860   Name              <string>  = "files011" (cb=9)
00:00:05.036860   NumCPUs           <integer> = 0x0000000000000002 (2)
00:00:05.036861   PageFusionAllowed <integer> = 0x0000000000000000 (0)
00:00:05.036862   RamHoleSize       <integer> = 0x0000000020000000 (536 870 912, 512.0 MiB)
00:00:05.036863   RamSize           <integer> = 0x0000000040000000 (1 073 741 824, 1.0 GiB)
00:00:05.036864   TimerMillies      <integer> = 0x000000000000000a (10)
00:00:05.036864   UUID              <bytes>   = "24 62 8f 1a 60 4a 9a 42 ab 5f f8 92 17 13 27 b2" (cb=16)
00:00:05.036868 
00:00:05.036868 [/CPUM/] (level 1)
00:00:05.036869   Enable64bit        <integer> = 0x0000000000000001 (1)
00:00:05.036869   GuestCpuName       <string>  = "host" (cb=5)
00:00:05.036870   NestedHWVirt       <integer> = 0x0000000000000000 (0)
00:00:05.036870   PortableCpuIdLevel <integer> = 0x0000000000000000 (0)
00:00:05.036871   SpecCtrl           <integer> = 0x0000000000000000 (0)
00:00:05.036871 
00:00:05.036871 [/CPUM/IsaExts/] (level 2)
00:00:05.036872 
00:00:05.036872 [/DBGC/] (level 1)
00:00:05.036873   GlobalInitScript <string>  = "C:\Users\pozda\.VirtualBox/dbgc-init" (cb=37)
00:00:05.036873   HistoryFile      <string>  = "C:\Users\pozda\.VirtualBox/dbgc-history" (cb=40)
00:00:05.036874   LocalInitScript  <string>  = "C:\Users\pozda\VirtualBox VMs\files011/dbgc-init" (cb=49)
00:00:05.036875 
00:00:05.036875 [/DBGF/] (level 1)
00:00:05.036875   Path <string>  = "C:\Users\pozda\VirtualBox VMs\files011/debug/;C:\Users\pozda\VirtualBox VMs\files011/;cache*C:\Users\pozda\VirtualBox VMs\files011/dbgcache/;C:\Users\pozda\" (cb=157)
00:00:05.036876 
00:00:05.036876 [/Devices/] (level 1)
00:00:05.036876 
00:00:05.036877 [/Devices/3c501/] (level 2)
00:00:05.036877 
00:00:05.036877 [/Devices/8237A/] (level 2)
00:00:05.036878 
00:00:05.036878 [/Devices/8237A/0/] (level 3)
00:00:05.036879   Trusted <integer> = 0x0000000000000001 (1)
00:00:05.036879 
00:00:05.036880 [/Devices/GIMDev/] (level 2)
00:00:05.036880 
00:00:05.036880 [/Devices/GIMDev/0/] (level 3)
00:00:05.036881   Trusted <integer> = 0x0000000000000001 (1)
00:00:05.036881 
00:00:05.036882 [/Devices/VMMDev/] (level 2)
00:00:05.036882 
00:00:05.036882 [/Devices/VMMDev/0/] (level 3)
00:00:05.036883   PCIBusNo      <integer> = 0x0000000000000000 (0)
00:00:05.036883   PCIDeviceNo   <integer> = 0x0000000000000004 (4)
00:00:05.036884   PCIFunctionNo <integer> = 0x0000000000000000 (0)
00:00:05.036884   Trusted       <integer> = 0x0000000000000001 (1)
00:00:05.036885 
00:00:05.036885 [/Devices/VMMDev/0/Config/] (level 4)
00:00:05.036886   GuestCoreDumpDir <string>  = "C:\Users\pozda\VirtualBox VMs\files011\Snapshots" (cb=49)
00:00:05.036886 
00:00:05.036886 [/Devices/VMMDev/0/LUN#0/] (level 4)
00:00:05.036887   Driver <string>  = "HGCM" (cb=5)
00:00:05.036888 
00:00:05.036888 [/Devices/VMMDev/0/LUN#0/Config/] (level 5)
00:00:05.036888 
00:00:05.036889 [/Devices/VMMDev/0/LUN#999/] (level 4)
00:00:05.036889   Driver <string>  = "MainStatus" (cb=11)
00:00:05.036890 
00:00:05.036890 [/Devices/VMMDev/0/LUN#999/Config/] (level 5)
00:00:05.036891   First                <integer> = 0x0000000000000000 (0)
00:00:05.036891   HasMediumAttachments <integer> = 0x0000000000000000 (0)
00:00:05.036892   Last                 <integer> = 0x0000000000000000 (0)
00:00:05.036893   iLedSet              <integer> = 0x0000000000000005 (5)
00:00:05.036893 
00:00:05.036894 [/Devices/acpi/] (level 2)
00:00:05.036894 
00:00:05.036894 [/Devices/acpi/0/] (level 3)
00:00:05.036895   PCIBusNo      <integer> = 0x0000000000000000 (0)
00:00:05.036895   PCIDeviceNo   <integer> = 0x0000000000000007 (7)
00:00:05.036896   PCIFunctionNo <integer> = 0x0000000000000000 (0)
00:00:05.036896   Trusted       <integer> = 0x0000000000000001 (1)
00:00:05.036897 
00:00:05.036897 [/Devices/acpi/0/Config/] (level 4)
00:00:05.036898   CpuHotPlug          <integer> = 0x0000000000000000 (0)
00:00:05.036898   FdcEnabled          <integer> = 0x0000000000000000 (0)
00:00:05.036899   HostBusPciAddress   <integer> = 0x0000000000000000 (0)
00:00:05.036899   HpetEnabled         <integer> = 0x0000000000000000 (0)
00:00:05.036900   IOAPIC              <integer> = 0x0000000000000001 (1)
00:00:05.036900   IocPciAddress       <integer> = 0x0000000000010000 (65 536)
00:00:05.036901   NumCPUs             <integer> = 0x0000000000000002 (2)
00:00:05.036901   Parallel0IoPortBase <integer> = 0x0000000000000000 (0)
00:00:05.036902   Parallel0Irq        <integer> = 0x0000000000000000 (0)
00:00:05.036902   Parallel1IoPortBase <integer> = 0x0000000000000000 (0)
00:00:05.036903   Parallel1Irq        <integer> = 0x0000000000000000 (0)
00:00:05.036903   Serial0IoPortBase   <integer> = 0x00000000000003f8 (1 016)
00:00:05.036904   Serial0Irq          <integer> = 0x0000000000000004 (4)
00:00:05.036904   Serial1IoPortBase   <integer> = 0x0000000000000000 (0)
00:00:05.036905   Serial1Irq          <integer> = 0x0000000000000000 (0)
00:00:05.036905   ShowCpu             <integer> = 0x0000000000000001 (1)
00:00:05.036906   ShowRtc             <integer> = 0x0000000000000000 (0)
00:00:05.036906   SmcEnabled          <integer> = 0x0000000000000000 (0)
00:00:05.036907 
00:00:05.036907 [/Devices/acpi/0/LUN#0/] (level 4)
00:00:05.036908   Driver <string>  = "ACPIHost" (cb=9)
00:00:05.036908 
00:00:05.036908 [/Devices/acpi/0/LUN#0/Config/] (level 5)
00:00:05.036909 
00:00:05.036909 [/Devices/acpi/0/LUN#1/] (level 4)
00:00:05.036910   Driver <string>  = "ACPICpu" (cb=8)
00:00:05.036910 
00:00:05.036910 [/Devices/acpi/0/LUN#1/Config/] (level 5)
00:00:05.036911 
00:00:05.036911 [/Devices/apic/] (level 2)
00:00:05.036911 
00:00:05.036912 [/Devices/apic/0/] (level 3)
00:00:05.036912   Trusted <integer> = 0x0000000000000001 (1)
00:00:05.036913 
00:00:05.036913 [/Devices/apic/0/Config/] (level 4)
00:00:05.036914   IOAPIC  <integer> = 0x0000000000000001 (1)
00:00:05.036914   Mode    <integer> = 0x0000000000000003 (3)
00:00:05.036914   NumCPUs <integer> = 0x0000000000000002 (2)
00:00:05.036915 
00:00:05.036915 [/Devices/dp8390/] (level 2)
00:00:05.036924 
00:00:05.036924 [/Devices/e1000/] (level 2)
00:00:05.036925 
00:00:05.036925 [/Devices/e1000/0/] (level 3)
00:00:05.036926   PCIBusNo      <integer> = 0x0000000000000000 (0)
00:00:05.036926   PCIDeviceNo   <integer> = 0x0000000000000003 (3)
00:00:05.036927   PCIFunctionNo <integer> = 0x0000000000000000 (0)
00:00:05.036927   Trusted       <integer> = 0x0000000000000001 (1)
00:00:05.036927 
00:00:05.036928 [/Devices/e1000/0/Config/] (level 4)
00:00:05.036928   AdapterType    <integer> = 0x0000000000000000 (0)
00:00:05.036929   CableConnected <integer> = 0x0000000000000001 (1)
00:00:05.036929   LineSpeed      <integer> = 0x0000000000000000 (0)
00:00:05.036930   MAC            <bytes>   = "02 9a 67 51 1e b6" (cb=6)
00:00:05.036930 
00:00:05.036931 [/Devices/e1000/0/LUN#0/] (level 4)
00:00:05.036931   Driver <string>  = "NAT" (cb=4)
00:00:05.036932 
00:00:05.036932 [/Devices/e1000/0/LUN#0/Config/] (level 5)
00:00:05.036933   AliasMode          <integer> = 0x0000000000000000 (0)
00:00:05.036933   BootFile           <string>  = "files011.pxe" (cb=13)
00:00:05.036934   DNSProxy           <integer> = 0x0000000000000001 (1)
00:00:05.036934   LocalhostReachable <integer> = 0x0000000000000000 (0)
00:00:05.036935   Network            <string>  = "10.0.2.0/24" (cb=12)
00:00:05.036935   PassDomain         <integer> = 0x0000000000000001 (1)
00:00:05.036936   TFTPPrefix         <string>  = "C:\Users\pozda\.VirtualBox\TFTP" (cb=32)
00:00:05.036936   UseHostResolver    <integer> = 0x0000000000000000 (0)
00:00:05.036937 
00:00:05.036937 [/Devices/e1000/0/LUN#0/Config/PortForwarding/] (level 6)
00:00:05.036938 
00:00:05.036938 [/Devices/e1000/0/LUN#0/Config/PortForwarding/0/] (level 7)
00:00:05.036939   BindIP    <string>  = "127.0.0.1" (cb=10)
00:00:05.036940   GuestPort <integer> = 0x0000000000000016 (22)
00:00:05.036940   HostPort  <integer> = 0x00000000000008ae (2 222)
00:00:05.036941   Name      <string>  = "ssh" (cb=4)
00:00:05.036941   Protocol  <string>  = "TCP" (cb=4)
00:00:05.036942 
00:00:05.036942 [/Devices/e1000/0/LUN#999/] (level 4)
00:00:05.036942   Driver <string>  = "MainStatus" (cb=11)
00:00:05.036943 
00:00:05.036943 [/Devices/e1000/0/LUN#999/Config/] (level 5)
00:00:05.036944   First                <integer> = 0x0000000000000000 (0)
00:00:05.036944   HasMediumAttachments <integer> = 0x0000000000000000 (0)
00:00:05.036945   Last                 <integer> = 0x0000000000000000 (0)
00:00:05.036945   iLedSet              <integer> = 0x0000000000000003 (3)
00:00:05.036946 
00:00:05.036946 [/Devices/e1000/1/] (level 3)
00:00:05.036947   PCIBusNo      <integer> = 0x0000000000000000 (0)
00:00:05.036947   PCIDeviceNo   <integer> = 0x0000000000000008 (8)
00:00:05.036948   PCIFunctionNo <integer> = 0x0000000000000000 (0)
00:00:05.036948   Trusted       <integer> = 0x0000000000000001 (1)
00:00:05.036949 
00:00:05.036949 [/Devices/e1000/1/Config/] (level 4)
00:00:05.036949   AdapterType    <integer> = 0x0000000000000000 (0)
00:00:05.036950   CableConnected <integer> = 0x0000000000000001 (1)
00:00:05.036950   LineSpeed      <integer> = 0x0000000000000000 (0)
00:00:05.036951   MAC            <bytes>   = "08 00 27 57 45 75" (cb=6)
00:00:05.036951 
00:00:05.036952 [/Devices/e1000/1/LUN#0/] (level 4)
00:00:05.036952   Driver <string>  = "IntNet" (cb=7)
00:00:05.036953 
00:00:05.036953 [/Devices/e1000/1/LUN#0/Config/] (level 5)
00:00:05.036953   IfPolicyPromisc      <string>  = "deny" (cb=5)
00:00:05.036954   IgnoreConnectFailure <integer> = 0x0000000000000000 (0)
00:00:05.036954   Network              <string>  = "HostInterfaceNetworking-Intel(R) Ethernet Connection (7) I219-V" (cb=64)
00:00:05.036955   Trunk                <string>  = "\DEVICE\{962C248B-6EA4-4CAA-A8D7-2C7C71D5B3DB}" (cb=47)
00:00:05.036955   TrunkType            <integer> = 0x0000000000000003 (3)
00:00:05.036956 
00:00:05.036956 [/Devices/e1000/1/LUN#999/] (level 4)
00:00:05.036957   Driver <string>  = "MainStatus" (cb=11)
00:00:05.036957 
00:00:05.036957 [/Devices/e1000/1/LUN#999/Config/] (level 5)
00:00:05.036958   First                <integer> = 0x0000000000000000 (0)
00:00:05.036958   HasMediumAttachments <integer> = 0x0000000000000000 (0)
00:00:05.036959   Last                 <integer> = 0x0000000000000000 (0)
00:00:05.036959   iLedSet              <integer> = 0x0000000000000004 (4)
00:00:05.036960 
00:00:05.036960 [/Devices/i8254/] (level 2)
00:00:05.036961 
00:00:05.036961 [/Devices/i8254/0/] (level 3)
00:00:05.036961 
00:00:05.036961 [/Devices/i8254/0/Config/] (level 4)
00:00:05.036962 
00:00:05.036962 [/Devices/i8259/] (level 2)
00:00:05.036963 
00:00:05.036963 [/Devices/i8259/0/] (level 3)
00:00:05.036964   Trusted <integer> = 0x0000000000000001 (1)
00:00:05.036964 
00:00:05.036964 [/Devices/i8259/0/Config/] (level 4)
00:00:05.036965 
00:00:05.036965 [/Devices/ichac97/] (level 2)
00:00:05.036965 
00:00:05.036966 [/Devices/ichac97/0/] (level 3)
00:00:05.036966   PCIBusNo      <integer> = 0x0000000000000000 (0)
00:00:05.036967   PCIDeviceNo   <integer> = 0x0000000000000005 (5)
00:00:05.036967   PCIFunctionNo <integer> = 0x0000000000000000 (0)
00:00:05.036967   Trusted       <integer> = 0x0000000000000001 (1)
00:00:05.036968 
00:00:05.036968 [/Devices/ichac97/0/AudioConfig/] (level 4)
00:00:05.036969 
00:00:05.036969 [/Devices/ichac97/0/Config/] (level 4)
00:00:05.036970   Codec        <string>  = "STAC9700" (cb=9)
00:00:05.036970   DebugEnabled <integer> = 0x0000000000000000 (0)
00:00:05.036970 
00:00:05.036971 [/Devices/ichac97/0/LUN#0/] (level 4)
00:00:05.036971   Driver <string>  = "AUDIO" (cb=6)
00:00:05.036972 
00:00:05.036972 [/Devices/ichac97/0/LUN#0/AttachedDriver/] (level 5)
00:00:05.036973   Driver <string>  = "HostAudioWas" (cb=13)
00:00:05.036973 
00:00:05.036973 [/Devices/ichac97/0/LUN#0/AttachedDriver/Config/] (level 6)
00:00:05.036974   VmName <string>  = "files011" (cb=9)
00:00:05.036974   VmUuid <string>  = "1a8f6224-4a60-429a-ab5f-f892171327b2" (cb=37)
00:00:05.036975 
00:00:05.036975 [/Devices/ichac97/0/LUN#0/Config/] (level 5)
00:00:05.036976   DriverName    <string>  = "HostAudioWas" (cb=13)
00:00:05.036976   InputEnabled  <integer> = 0x0000000000000000 (0)
00:00:05.036976   OutputEnabled <integer> = 0x0000000000000000 (0)
00:00:05.036977 
00:00:05.036977 [/Devices/ichac97/0/LUN#1/] (level 4)
00:00:05.036978   Driver <string>  = "AUDIO" (cb=6)
00:00:05.036978 
00:00:05.036978 [/Devices/ichac97/0/LUN#2/] (level 4)
00:00:05.036979   Driver <string>  = "AUDIO" (cb=6)
00:00:05.036979 
00:00:05.036979 [/Devices/ioapic/] (level 2)
00:00:05.036980 
00:00:05.036980 [/Devices/ioapic/0/] (level 3)
00:00:05.036981   Trusted <integer> = 0x0000000000000001 (1)
00:00:05.036981 
00:00:05.036981 [/Devices/ioapic/0/Config/] (level 4)
00:00:05.036982   NumCPUs <integer> = 0x0000000000000002 (2)
00:00:05.036982 
00:00:05.036982 [/Devices/lsilogicscsi/] (level 2)
00:00:05.036983 
00:00:05.036983 [/Devices/lsilogicscsi/0/] (level 3)
00:00:05.036984   PCIBusNo      <integer> = 0x0000000000000000 (0)
00:00:05.036984   PCIDeviceNo   <integer> = 0x0000000000000014 (20)
00:00:05.036985   PCIFunctionNo <integer> = 0x0000000000000000 (0)
00:00:05.036985   Trusted       <integer> = 0x0000000000000001 (1)
00:00:05.036986 
00:00:05.036986 [/Devices/lsilogicscsi/0/Config/] (level 4)
00:00:05.036986   Bootable <integer> = 0x0000000000000001 (1)
00:00:05.036987 
00:00:05.036987 [/Devices/lsilogicscsi/0/LUN#0/] (level 4)
00:00:05.036988   Driver <string>  = "SCSI" (cb=5)
00:00:05.036988 
00:00:05.036988 [/Devices/lsilogicscsi/0/LUN#0/AttachedDriver/] (level 5)
00:00:05.036989   Driver <string>  = "VD" (cb=3)
00:00:05.036990 
00:00:05.036990 [/Devices/lsilogicscsi/0/LUN#0/AttachedDriver/Config/] (level 6)
00:00:05.036991   BlockCache <integer> = 0x0000000000000001 (1)
00:00:05.036991   Format     <string>  = "VMDK" (cb=5)
00:00:05.036992   Mountable  <integer> = 0x0000000000000000 (0)
00:00:05.036992   Path       <string>  = "C:\Users\pozda\VirtualBox VMs\files011\ubuntu-focal-20.04-cloudimg.vmdk" (cb=72)
00:00:05.036993   Type       <string>  = "HardDisk" (cb=9)
00:00:05.036993   UseNewIo   <integer> = 0x0000000000000001 (1)
00:00:05.036994 
00:00:05.036994 [/Devices/lsilogicscsi/0/LUN#0/AttachedDriver/Config/Plugins/] (level 7)
00:00:05.036995 
00:00:05.036995 [/Devices/lsilogicscsi/0/LUN#0/AttachedDriver/Config/Plugins/VDPluginCrypt/] (level 8)
00:00:05.036996   Path <string>  = "C:\Program Files\Oracle\VirtualBox\ExtensionPacks\Oracle_VM_VirtualBox_Extension_Pack\win.amd64\VDPluginCrypt.DLL" (cb=114)
00:00:05.036997 
00:00:05.036997 [/Devices/lsilogicscsi/0/LUN#0/AttachedDriver/Config/VDConfig/] (level 7)
00:00:05.036998 
00:00:05.036998 [/Devices/lsilogicscsi/0/LUN#1/] (level 4)
00:00:05.036999   Driver <string>  = "SCSI" (cb=5)
00:00:05.036999 
00:00:05.036999 [/Devices/lsilogicscsi/0/LUN#1/AttachedDriver/] (level 5)
00:00:05.037000   Driver <string>  = "VD" (cb=3)
00:00:05.037000 
00:00:05.037000 [/Devices/lsilogicscsi/0/LUN#1/AttachedDriver/Config/] (level 6)
00:00:05.037001   BlockCache <integer> = 0x0000000000000001 (1)
00:00:05.037001   Format     <string>  = "VMDK" (cb=5)
00:00:05.037002   Mountable  <integer> = 0x0000000000000000 (0)
00:00:05.037002   Path       <string>  = "C:\Users\pozda\VirtualBox VMs\files011\ubuntu-focal-20.04-cloudimg-configdrive.vmdk" (cb=84)
00:00:05.037003   Type       <string>  = "HardDisk" (cb=9)
00:00:05.037003   UseNewIo   <integer> = 0x0000000000000001 (1)
00:00:05.037003 
00:00:05.037004 [/Devices/lsilogicscsi/0/LUN#1/AttachedDriver/Config/Plugins/] (level 7)
00:00:05.037004 
00:00:05.037005 [/Devices/lsilogicscsi/0/LUN#1/AttachedDriver/Config/Plugins/VDPluginCrypt/] (level 8)
00:00:05.037006   Path <string>  = "C:\Program Files\Oracle\VirtualBox\ExtensionPacks\Oracle_VM_VirtualBox_Extension_Pack\win.amd64\VDPluginCrypt.DLL" (cb=114)
00:00:05.037006 
00:00:05.037006 [/Devices/lsilogicscsi/0/LUN#1/AttachedDriver/Config/VDConfig/] (level 7)
00:00:05.037007 
00:00:05.037007 [/Devices/lsilogicscsi/0/LUN#999/] (level 4)
00:00:05.037008   Driver <string>  = "MainStatus" (cb=11)
00:00:05.037008 
00:00:05.037008 [/Devices/lsilogicscsi/0/LUN#999/Config/] (level 5)
00:00:05.037009   DeviceInstance       <string>  = "lsilogicscsi/0" (cb=15)
00:00:05.037010   First                <integer> = 0x0000000000000000 (0)
00:00:05.037010   HasMediumAttachments <integer> = 0x0000000000000001 (1)
00:00:05.037011   Last                 <integer> = 0x000000000000000f (15)
00:00:05.037011   iLedSet              <integer> = 0x0000000000000002 (2)
00:00:05.037012 
00:00:05.037012 [/Devices/mc146818/] (level 2)
00:00:05.037012 
00:00:05.037013 [/Devices/mc146818/0/] (level 3)
00:00:05.037013 
00:00:05.037013 [/Devices/mc146818/0/Config/] (level 4)
00:00:05.037014   UseUTC <integer> = 0x0000000000000001 (1)
00:00:05.037014 
00:00:05.037014 [/Devices/parallel/] (level 2)
00:00:05.037015 
00:00:05.037015 [/Devices/pcarch/] (level 2)
00:00:05.037016 
00:00:05.037016 [/Devices/pcarch/0/] (level 3)
00:00:05.037017   Trusted <integer> = 0x0000000000000001 (1)
00:00:05.037017 
00:00:05.037017 [/Devices/pcarch/0/Config/] (level 4)
00:00:05.037018 
00:00:05.037018 [/Devices/pcbios/] (level 2)
00:00:05.037019 
00:00:05.037019 [/Devices/pcbios/0/] (level 3)
00:00:05.037020   Trusted <integer> = 0x0000000000000001 (1)
00:00:05.037020 
00:00:05.037020 [/Devices/pcbios/0/Config/] (level 4)
00:00:05.037021   APIC               <integer> = 0x0000000000000001 (1)
00:00:05.037022   BootDevice0        <string>  = "FLOPPY" (cb=7)
00:00:05.037022   BootDevice1        <string>  = "DVD" (cb=4)
00:00:05.037023   BootDevice2        <string>  = "IDE" (cb=4)
00:00:05.037023   BootDevice3        <string>  = "NONE" (cb=5)
00:00:05.037024   FloppyDevice       <string>  = "i82078" (cb=7)
00:00:05.037025   HardDiskDevice     <string>  = "piix3ide" (cb=9)
00:00:05.037025   IOAPIC             <integer> = 0x0000000000000001 (1)
00:00:05.037025   LanBootRom         <string>  = "C:\Program Files\Oracle\VirtualBox\ExtensionPacks\Oracle_VM_VirtualBox_Extension_Pack\PXE-Intel.rom" (cb=100)
00:00:05.037026   McfgBase           <integer> = 0x0000000000000000 (0)
00:00:05.037027   McfgLength         <integer> = 0x0000000000000000 (0)
00:00:05.037027   NumCPUs            <integer> = 0x0000000000000002 (2)
00:00:05.037028   PXEDebug           <integer> = 0x0000000000000000 (0)
00:00:05.037028   ScsiHardDiskDevice <string>  = "lsilogicscsi" (cb=13)
00:00:05.037028   ScsiLUN1           <integer> = 0x0000000000000000 (0)
00:00:05.037029   ScsiLUN2           <integer> = 0x0000000000000001 (1)
00:00:05.037029   UUID               <bytes>   = "24 62 8f 1a 60 4a 9a 42 ab 5f f8 92 17 13 27 b2" (cb=16)
00:00:05.037031   UuidLe             <integer> = 0x0000000000000001 (1)
00:00:05.037031 
00:00:05.037031 [/Devices/pcbios/0/Config/NetBoot/] (level 5)
00:00:05.037032 
00:00:05.037032 [/Devices/pcbios/0/Config/NetBoot/0/] (level 6)
00:00:05.037033   NIC           <integer> = 0x0000000000000000 (0)
00:00:05.037034   PCIBusNo      <integer> = 0x0000000000000000 (0)
00:00:05.037034   PCIDeviceNo   <integer> = 0x0000000000000003 (3)
00:00:05.037035   PCIFunctionNo <integer> = 0x0000000000000000 (0)
00:00:05.037035 
00:00:05.037035 [/Devices/pci/] (level 2)
00:00:05.037036 
00:00:05.037036 [/Devices/pci/0/] (level 3)
00:00:05.037036   Trusted <integer> = 0x0000000000000001 (1)
00:00:05.037037 
00:00:05.037037 [/Devices/pci/0/Config/] (level 4)
00:00:05.037038   IOAPIC <integer> = 0x0000000000000001 (1)
00:00:05.037038 
00:00:05.037038 [/Devices/pcibridge/] (level 2)
00:00:05.037039 
00:00:05.037039 [/Devices/pckbd/] (level 2)
00:00:05.037039 
00:00:05.037040 [/Devices/pckbd/0/] (level 3)
00:00:05.037040   Trusted <integer> = 0x0000000000000001 (1)
00:00:05.037040 
00:00:05.037041 [/Devices/pckbd/0/Config/] (level 4)
00:00:05.037041 
00:00:05.037041 [/Devices/pckbd/0/LUN#0/] (level 4)
00:00:05.037042   Driver <string>  = "KeyboardQueue" (cb=14)
00:00:05.037042 
00:00:05.037043 [/Devices/pckbd/0/LUN#0/AttachedDriver/] (level 5)
00:00:05.037043   Driver <string>  = "MainKeyboard" (cb=13)
00:00:05.037044 
00:00:05.037044 [/Devices/pckbd/0/LUN#0/Config/] (level 5)
00:00:05.037044   QueueSize <integer> = 0x0000000000000040 (64, 64 B)
00:00:05.037045 
00:00:05.037045 [/Devices/pckbd/0/LUN#1/] (level 4)
00:00:05.037046   Driver <string>  = "MouseQueue" (cb=11)
00:00:05.037046 
00:00:05.037046 [/Devices/pckbd/0/LUN#1/AttachedDriver/] (level 5)
00:00:05.037047   Driver <string>  = "MainMouse" (cb=10)
00:00:05.037048 
00:00:05.037048 [/Devices/pckbd/0/LUN#1/Config/] (level 5)
00:00:05.037048   QueueSize <integer> = 0x0000000000000080 (128, 128 B)
00:00:05.037049 
00:00:05.037049 [/Devices/pcnet/] (level 2)
00:00:05.037050 
00:00:05.037050 [/Devices/piix3ide/] (level 2)
00:00:05.037050 
00:00:05.037051 [/Devices/piix3ide/0/] (level 3)
00:00:05.037051   PCIBusNo      <integer> = 0x0000000000000000 (0)
00:00:05.037052   PCIDeviceNo   <integer> = 0x0000000000000001 (1)
00:00:05.037052   PCIFunctionNo <integer> = 0x0000000000000001 (1)
00:00:05.037052   Trusted       <integer> = 0x0000000000000001 (1)
00:00:05.037053 
00:00:05.037053 [/Devices/piix3ide/0/Config/] (level 4)
00:00:05.037054   Type <string>  = "PIIX4" (cb=6)
00:00:05.037054 
00:00:05.037054 [/Devices/piix3ide/0/LUN#999/] (level 4)
00:00:05.037055   Driver <string>  = "MainStatus" (cb=11)
00:00:05.037055 
00:00:05.037055 [/Devices/piix3ide/0/LUN#999/Config/] (level 5)
00:00:05.037056   DeviceInstance       <string>  = "piix3ide/0" (cb=11)
00:00:05.037056   First                <integer> = 0x0000000000000000 (0)
00:00:05.037057   HasMediumAttachments <integer> = 0x0000000000000001 (1)
00:00:05.037057   Last                 <integer> = 0x0000000000000003 (3)
00:00:05.037058   iLedSet              <integer> = 0x0000000000000001 (1)
00:00:05.037058 
00:00:05.037058 [/Devices/serial/] (level 2)
00:00:05.037059 
00:00:05.037059 [/Devices/serial/0/] (level 3)
00:00:05.037060   Trusted <integer> = 0x0000000000000001 (1)
00:00:05.037060 
00:00:05.037060 [/Devices/serial/0/Config/] (level 4)
00:00:05.037061   IOBase   <integer> = 0x00000000000003f8 (1 016)
00:00:05.037061   IRQ      <integer> = 0x0000000000000004 (4)
00:00:05.037062   UartType <string>  = "16550A" (cb=7)
00:00:05.037062 
00:00:05.037062 [/Devices/serial/0/LUN#0/] (level 4)
00:00:05.037063   Driver <string>  = "Char" (cb=5)
00:00:05.037063 
00:00:05.037063 [/Devices/serial/0/LUN#0/AttachedDriver/] (level 5)
00:00:05.037064   Driver <string>  = "RawFile" (cb=8)
00:00:05.037065 
00:00:05.037065 [/Devices/serial/0/LUN#0/AttachedDriver/Config/] (level 6)
00:00:05.037065   Location <string>  = "NUL" (cb=4)
00:00:05.037066 
00:00:05.037066 [/Devices/vga/] (level 2)
00:00:05.037066 
00:00:05.037067 [/Devices/vga/0/] (level 3)
00:00:05.037067   PCIBusNo      <integer> = 0x0000000000000000 (0)
00:00:05.037068   PCIDeviceNo   <integer> = 0x0000000000000002 (2)
00:00:05.037068   PCIFunctionNo <integer> = 0x0000000000000000 (0)
00:00:05.037068   Trusted       <integer> = 0x0000000000000001 (1)
00:00:05.037069 
00:00:05.037069 [/Devices/vga/0/Config/] (level 4)
00:00:05.037070   3DEnabled        <integer> = 0x0000000000000000 (0)
00:00:05.037070   CustomVideoModes <integer> = 0x0000000000000000 (0)
00:00:05.037071   FadeIn           <integer> = 0x0000000000000001 (1)
00:00:05.037071   FadeOut          <integer> = 0x0000000000000001 (1)
00:00:05.037072   HeightReduction  <integer> = 0x0000000000000000 (0)
00:00:05.037072   LogoFile         <string>  = "" (cb=1)
00:00:05.037072   LogoTime         <integer> = 0x0000000000000000 (0)
00:00:05.037073   MonitorCount     <integer> = 0x0000000000000001 (1)
00:00:05.037073   ShowBootMenu     <integer> = 0x0000000000000002 (2)
00:00:05.037074   VRamSize         <integer> = 0x0000000001000000 (16 777 216, 16.0 MiB)
00:00:05.037075 
00:00:05.037075 [/Devices/vga/0/LUN#0/] (level 4)
00:00:05.037076   Driver <string>  = "MainDisplay" (cb=12)
00:00:05.037076 
00:00:05.037076 [/Devices/vga/0/LUN#0/Config/] (level 5)
00:00:05.037077 
00:00:05.037077 [/Devices/vga/0/LUN#999/] (level 4)
00:00:05.037078   Driver <string>  = "MainStatus" (cb=11)
00:00:05.037078 
00:00:05.037078 [/Devices/vga/0/LUN#999/Config/] (level 5)
00:00:05.037079   First                <integer> = 0x0000000000000000 (0)
00:00:05.037079   HasMediumAttachments <integer> = 0x0000000000000000 (0)
00:00:05.037080   Last                 <integer> = 0x0000000000000000 (0)
00:00:05.037080   iLedSet              <integer> = 0x0000000000000000 (0)
00:00:05.037081 
00:00:05.037081 [/Devices/virtio-net/] (level 2)
00:00:05.037082 
00:00:05.037082 [/EM/] (level 1)
00:00:05.037082   TripleFaultReset <integer> = 0x0000000000000000 (0)
00:00:05.037083 
00:00:05.037083 [/GCM/] (level 1)
00:00:05.037083   FixerSet <integer> = 0x0000000000000000 (0)
00:00:05.037084 
00:00:05.037084 [/GIM/] (level 1)
00:00:05.037084   Provider <string>  = "KVM" (cb=4)
00:00:05.037085 
00:00:05.037085 [/HM/] (level 1)
00:00:05.037085   64bitEnabled        <integer> = 0x0000000000000001 (1)
00:00:05.037086   EnableLargePages    <integer> = 0x0000000000000001 (1)
00:00:05.037086   EnableNestedPaging  <integer> = 0x0000000000000001 (1)
00:00:05.037087   EnableUX            <integer> = 0x0000000000000001 (1)
00:00:05.037087   EnableVPID          <integer> = 0x0000000000000001 (1)
00:00:05.037088   Exclusive           <integer> = 0x0000000000000000 (0)
00:00:05.037088   HMForced            <integer> = 0x0000000000000001 (1)
00:00:05.037089   IBPBOnVMEntry       <integer> = 0x0000000000000000 (0)
00:00:05.037089   IBPBOnVMExit        <integer> = 0x0000000000000000 (0)
00:00:05.037089   L1DFlushOnSched     <integer> = 0x0000000000000001 (1)
00:00:05.037090   L1DFlushOnVMEntry   <integer> = 0x0000000000000000 (0)
00:00:05.037090   MDSClearOnSched     <integer> = 0x0000000000000001 (1)
00:00:05.037091   MDSClearOnVMEntry   <integer> = 0x0000000000000000 (0)
00:00:05.037091   SpecCtrlByHost      <integer> = 0x0000000000000000 (0)
00:00:05.037092   SvmVirtVmsaveVmload <integer> = 0x0000000000000000 (0)
00:00:05.037092   UseNEMInstead       <integer> = 0x0000000000000000 (0)
00:00:05.037092 
00:00:05.037093 [/MM/] (level 1)
00:00:05.037093   CanUseLargerHeap <integer> = 0x0000000000000000 (0)
00:00:05.037093 
00:00:05.037094 [/NEM/] (level 1)
00:00:05.037094   Allow64BitGuests <integer> = 0x0000000000000001 (1)
00:00:05.037094 
00:00:05.037095 [/PDM/] (level 1)
00:00:05.037095 
00:00:05.037095 [/PDM/AsyncCompletion/] (level 2)
00:00:05.037096 
00:00:05.037096 [/PDM/AsyncCompletion/File/] (level 3)
00:00:05.037096 
00:00:05.037097 [/PDM/AsyncCompletion/File/BwGroups/] (level 4)
00:00:05.037097 
00:00:05.037097 [/PDM/BlkCache/] (level 2)
00:00:05.037098   CacheSize <integer> = 0x0000000000500000 (5 242 880, 5.0 MiB)
00:00:05.037099 
00:00:05.037099 [/PDM/Devices/] (level 2)
00:00:05.037099 
00:00:05.037100 [/PDM/Devices/VBoxNvme/] (level 3)
00:00:05.037100   Path         <string>  = "C:\Program Files\Oracle\VirtualBox\ExtensionPacks\Oracle_VM_VirtualBox_Extension_Pack\win.amd64\VBoxNvmeR3.DLL" (cb=111)
00:00:05.037101   R0SearchPath <string>  = "C:\Program Files\Oracle\VirtualBox\ExtensionPacks\Oracle_VM_VirtualBox_Extension_Pack\win.amd64" (cb=96)
00:00:05.037101 
00:00:05.037102 [/PDM/Drivers/] (level 2)
00:00:05.037102 
00:00:05.037102 [/PDM/Drivers/DrvHostWebcam/] (level 3)
00:00:05.037103   Path <string>  = "C:\Program Files\Oracle\VirtualBox\ExtensionPacks\Oracle_VM_VirtualBox_Extension_Pack\win.amd64\VBoxHostWebcam.DLL" (cb=115)
00:00:05.037103 
00:00:05.037104 [/PDM/Drivers/VBoxC/] (level 3)
00:00:05.037104   Path <string>  = "VBoxC" (cb=6)
00:00:05.037104 
00:00:05.037105 [/PDM/NetworkShaper/] (level 2)
00:00:05.037105 
00:00:05.037105 [/PDM/NetworkShaper/BwGroups/] (level 3)
00:00:05.037106 
00:00:05.037106 [/PDM/USB/] (level 2)
00:00:05.037106 
00:00:05.037107 [/PDM/USB/VBoxUsbCardReader/] (level 3)
00:00:05.037107   Path <string>  = "C:\Program Files\Oracle\VirtualBox\ExtensionPacks\Oracle_VM_VirtualBox_Extension_Pack\win.amd64\VBoxUsbCardReaderR3.DLL" (cb=120)
00:00:05.037108 
00:00:05.037108 [/PDM/USB/VBoxUsbWebcam/] (level 3)
00:00:05.037109   Path <string>  = "C:\Program Files\Oracle\VirtualBox\ExtensionPacks\Oracle_VM_VirtualBox_Extension_Pack\win.amd64\VBoxUsbWebcamR3.DLL" (cb=116)
00:00:05.037109 
00:00:05.037110 [/TM/] (level 1)
00:00:05.037110   UTCOffset <integer> = 0x0000000000000000 (0)
00:00:05.037110 
00:00:05.037111 ********************* End of CFGM dump **********************
00:00:05.037264 HM: HMR3Init: Attempting fall back to NEM: VT-x is not available
00:00:05.091189 NEM:  info: Found optional import WinHvPlatform.dll!WHvQueryGpaRangeDirtyBitmap.
00:00:05.091201 NEM:  info: Found optional import vid.dll!VidGetHvPartitionId.
00:00:05.091205 NEM:  info: Found optional import vid.dll!VidGetPartitionProperty.
00:00:05.091258 NEM: WHvCapabilityCodeHypervisorPresent is TRUE, so this might work...
00:00:05.091263 NEM: WHvCapabilityCodeExtendedVmExits      = 0x0000000000007fff
00:00:05.091268 NEM:                       fExtendedMsrExit: 1
00:00:05.091271 NEM:                     fExtendedCpuIdExit: 1
00:00:05.091274 NEM:                      fExtendedXcptExit: 1
00:00:05.091277 NEM: Warning! Unknown VM exit definitions: 0x7fff
00:00:05.091281 NEM: Warning! Unknown feature definitions: 0x2ff
00:00:05.091284 NEM: Supported exception exit bitmap: 0xf7dfb
00:00:05.091291 NEM: WHvCapabilityCodeProcessorVendor      = 1 - Intel
00:00:05.091308 NEM: WHvCapabilityCodeProcessorFeatures    = 0x100178ffe7f7859f
00:00:05.091312 NEM:                            Sse3Support: 1
00:00:05.091315 NEM:                        LahfSahfSupport: 1
00:00:05.091318 NEM:                           Ssse3Support: 1
00:00:05.091321 NEM:                          Sse4_1Support: 1
00:00:05.091324 NEM:                          Sse4_2Support: 1
00:00:05.091327 NEM:                           Sse4aSupport: 0
00:00:05.091330 NEM:                             XopSupport: 0
00:00:05.091334 NEM:                          PopCntSupport: 1
00:00:05.091337 NEM:                      Cmpxchg16bSupport: 1
00:00:05.091340 NEM:                       Altmovcr8Support: 0
00:00:05.091343 NEM:                           LzcntSupport: 1
00:00:05.091346 NEM:                     MisAlignSseSupport: 0
00:00:05.091349 NEM:                          MmxExtSupport: 0
00:00:05.091352 NEM:                        Amd3DNowSupport: 0
00:00:05.091355 NEM:                ExtendedAmd3DNowSupport: 0
00:00:05.091367 NEM:                         Page1GbSupport: 1
00:00:05.091370 NEM:                             AesSupport: 1
00:00:05.091373 NEM:                       PclmulqdqSupport: 1
00:00:05.091376 NEM:                            PcidSupport: 1
00:00:05.091379 NEM:                            Fma4Support: 0
00:00:05.091382 NEM:                            F16CSupport: 1
00:00:05.091385 NEM:                          RdRandSupport: 1
00:00:05.091389 NEM:                        RdWrFsGsSupport: 1
00:00:05.091392 NEM:                            SmepSupport: 1
00:00:05.091395 NEM:              EnhancedFastStringSupport: 1
00:00:05.091398 NEM:                            Bmi1Support: 1
00:00:05.091401 NEM:                            Bmi2Support: 1
00:00:05.091404 NEM:                           MovbeSupport: 1
00:00:05.091407 NEM:                          Npiep1Support: 1
00:00:05.091410 NEM:                   DepX87FPUSaveSupport: 1
00:00:05.091413 NEM:                          RdSeedSupport: 1
00:00:05.091416 NEM:                             AdxSupport: 1
00:00:05.091419 NEM:                   IntelPrefetchSupport: 1
00:00:05.091422 NEM:                            SmapSupport: 1
00:00:05.091426 NEM:                             HleSupport: 1
00:00:05.091429 NEM:                             RtmSupport: 1
00:00:05.091432 NEM:                          RdtscpSupport: 1
00:00:05.091435 NEM:                      ClflushoptSupport: 1
00:00:05.091438 NEM:                            ClwbSupport: 0
00:00:05.091441 NEM:                             ShaSupport: 0
00:00:05.091444 NEM:                X87PointersSavedSupport: 0
00:00:05.091447 NEM: Warning! Unknown CPU features: 0x100178ffe7f7859f
00:00:05.091455 NEM: WHvCapabilityCodeProcessorClFlushSize = 2^8
00:00:05.091460 NEM: Warning! Unknown capability 0x4 returning: 3f 00 00 00 00 00 00 00 00 00 00 00 00 00 00 00 00 00 00 00 00 00 00 00
00:00:05.091465 NEM: Warning! Unknown capability 0x5 returning: 03 00 00 00 00 00 00 00 00 00 00 00 00 00 00 00 00 00 00 00 00 00 00 00
00:00:05.091479 NEM: Warning! Unknown capability 0x6 returning: 00 00 00 00 00 00 00 00 00 00 00 00 00 00 00 00 00 00 00 00 00 00 00 00
00:00:05.091732 NEM: Warning! Unknown capability 0x1003 returning: 3f 38 00 00 00 00 00 00 00 00 00 00 00 00 00 00 00 00 00 00 00 00 00 00
00:00:05.091744 NEM: Warning! Unknown capability 0x1004 returning: af cb 93 d6 00 00 00 00 00 00 00 00 00 00 00 00 00 00 00 00 00 00 00 00
00:00:05.091750 NEM: Warning! Unknown capability 0x1005 returning: 00 c2 eb 0b 00 00 00 00 00 00 00 00 00 00 00 00 00 00 00 00 00 00 00 00
00:00:05.091755 NEM: Warning! Unknown capability 0x1006 returning: 02 00 00 00 00 00 00 00 9f 85 f7 e7 ff 78 01 10 41 00 06 00 00 00 00 00
00:00:05.091760 NEM: Warning! Unknown capability 0x1007 returning: 00 00 00 00 00 00 00 00 00 00 00 00 00 00 00 00 00 00 00 00 00 00 00 00
00:00:05.091768 NEM: Warning! Unknown capability 0x1008 returning: 01 00 00 00 00 00 00 00 ff 8f 44 7f 00 00 00 00 00 00 00 00 00 00 00 00
00:00:05.091775 NEM: Warning! Unknown capability 0x1009 returning: 03 00 00 00 00 00 00 00 00 00 00 00 00 00 00 00 00 00 00 00 00 00 00 00
00:00:05.092447 NEM: Created partition 0000027dacca4b60.
00:00:05.092463 NEM: Adjusting APIC configuration from X2APIC to APIC max mode.  X2APIC is not supported by the WinHvPlatform API!
00:00:05.092466 NEM: Disable Hyper-V if you need X2APIC for your guests!
00:00:05.092604 NEM:
00:00:05.092604 NEM: NEMR3Init: Snail execution mode is active!
00:00:05.092604 NEM: Note! VirtualBox is not able to run at its full potential in this execution mode.
00:00:05.092604 NEM:       To see VirtualBox run at max speed you need to disable all Windows features
00:00:05.092604 NEM:       making use of Hyper-V.  That is a moving target, so google how and carefully
00:00:05.092605 NEM:       consider the consequences of disabling these features.
00:00:05.092605 NEM:
00:00:05.092626 CPUM: No hardware-virtualization capability detected
00:00:05.092630 CPUM: fXStateHostMask=0x7; initial: 0x7; host XCR0=0x1f
00:00:05.094230 CPUM: Matched host CPU INTEL 0x6/0x9e/0xa Intel_Core7_CoffeeLake with CPU DB entry 'Intel Core i7-6700K' (INTEL 0x6/0x5e/0x3 Intel_Core7_Skylake)
00:00:05.094287 CPUM: MXCSR_MASK=0xffff (host: 0xffff)
00:00:05.094315 CPUM: Microcode revision 0x000000DE
00:00:05.094332 CPUM: MSR/CPUID reconciliation insert: 0x0000010b IA32_FLUSH_CMD
00:00:05.094338 CPUM: MSR/CPUID reconciliation insert: 0x0000010a IA32_ARCH_CAPABILITIES
00:00:05.094343 CPUM: MSR fudge: 0x00000001 IA32_P5_MC_TYPE
00:00:05.094347 CPUM: MSR fudge: 0x00000017 IA32_PLATFORM_ID
00:00:05.094350 CPUM: MSR fudge: 0x0000001b IA32_APIC_BASE
00:00:05.094353 CPUM: MSR fudge: 0x0000008b BIOS_SIGN
00:00:05.094356 CPUM: MSR fudge: 0x000000fe IA32_MTRRCAP
00:00:05.094359 CPUM: MSR fudge: 0x00000179 IA32_MCG_CAP
00:00:05.094362 CPUM: MSR fudge: 0x0000017a IA32_MCG_STATUS
00:00:05.094365 CPUM: MSR fudge: 0x000001a0 IA32_MISC_ENABLE
00:00:05.094368 CPUM: MSR fudge: 0x000001d9 IA32_DEBUGCTL
00:00:05.094371 CPUM: MSR fudge: 0x000001db P6_LAST_BRANCH_FROM_IP
00:00:05.094374 CPUM: MSR fudge: 0x000001dc P6_LAST_BRANCH_TO_IP
00:00:05.094377 CPUM: MSR fudge: 0x000001dd P6_LAST_INT_FROM_IP
00:00:05.094379 CPUM: MSR fudge: 0x000001de P6_LAST_INT_TO_IP
00:00:05.094382 CPUM: MSR fudge: 0x00000277 IA32_PAT
00:00:05.094385 CPUM: MSR fudge: 0x000002ff IA32_MTRR_DEF_TYPE
00:00:05.094388 CPUM: MSR fudge: 0x00000400 IA32_MCi_CTL_STATUS_ADDR_MISC
00:00:05.094393 CPUM: MSR fudge: 0xc0000103 AMD64_TSC_AUX
00:00:05.094396 CPUM: MSR fudge: 0x00000122 IA32_TSX_CTRL
00:00:05.094408 CPUM: SetGuestCpuIdFeature: Enabled SYSENTER/EXIT
00:00:05.094412 CPUM: SetGuestCpuIdFeature: Enabled SYSCALL/RET
00:00:05.094415 CPUM: SetGuestCpuIdFeature: Enabled PAE
00:00:05.094418 CPUM: SetGuestCpuIdFeature: Enabled LAHF/SAHF
00:00:05.094421 CPUM: SetGuestCpuIdFeature: Enabled NX
00:00:05.094424 CPUM: SetGuestCpuIdFeature: Enabled LONG MODE
00:00:05.096263 NEM: HvPartitionPropertyProcessorVendor=0x1 (1)
00:00:05.096520 NEM: Successfully set up partition (device handle 0000000000001099, partition ID 0x0)
00:00:05.096651 PGM: Host paging mode: AMD64+NX
00:00:05.096660 PGM: PGMPool: cMaxPages=768 (u64MaxPages=545)
00:00:05.096663 PGM: pgmR3PoolInit: cMaxPages=0x300 cMaxUsers=0x600 cMaxPhysExts=0x600 fCacheEnable=true
00:00:05.107069 SUPLib: MEM_LARGE_PAGES privilege not held.
00:00:05.122943 TM: GIP - u32Mode=3 (Invariant) u32UpdateHz=93 u32UpdateIntervalNS=10741500 enmUseTscDelta=2 (Practically Zero) fGetGipCpu=0x1b cCpus=6
00:00:05.122968 TM: GIP - u64CpuHz=3 600 010 140 (0xd693cb9c)  SUPGetCpuHzFromGip => 3 600 010 140
00:00:05.122975 TM: GIP - CPU: iCpuSet=0x0 idCpu=0x0 idApic=0x0 iGipCpu=0x4 i64TSCDelta=0 enmState=3 u64CpuHz=3600010036(*) cErrors=0
00:00:05.122979 TM: GIP - CPU: iCpuSet=0x1 idCpu=0x1 idApic=0x2 iGipCpu=0x0 i64TSCDelta=0 enmState=3 u64CpuHz=3600010140(*) cErrors=0
00:00:05.122983 TM: GIP - CPU: iCpuSet=0x2 idCpu=0x2 idApic=0x4 iGipCpu=0x5 i64TSCDelta=0 enmState=3 u64CpuHz=3600010024(*) cErrors=0
00:00:05.122986 TM: GIP - CPU: iCpuSet=0x3 idCpu=0x3 idApic=0x6 iGipCpu=0x2 i64TSCDelta=0 enmState=3 u64CpuHz=3600008028(*) cErrors=0
00:00:05.122990 TM: GIP - CPU: iCpuSet=0x4 idCpu=0x4 idApic=0x8 iGipCpu=0x3 i64TSCDelta=0 enmState=3 u64CpuHz=3600009705(*) cErrors=0
00:00:05.122993 TM: GIP - CPU: iCpuSet=0x5 idCpu=0x5 idApic=0xa iGipCpu=0x1 i64TSCDelta=0 enmState=3 u64CpuHz=3599987719(*) cErrors=0
00:00:05.123003 TM: NEM overrides the /TM/TSCModeSwitchAllowed setting.
00:00:05.123014 TM:     cTSCTicksPerSecond=3 600 010 140 (0xd693cb9c) enmTSCMode=4 (NativeApi)
00:00:05.123017 TM: cTSCTicksPerSecondHost=3 600 010 140 (0xd693cb9c)
00:00:05.123018 TM: TSCTiedToExecution=false TSCNotTiedToHalt=false
00:00:05.124038 EMR3Init: fIemExecutesAll=false fGuruOnTripleFault=true
00:00:05.124834 IEM: TargetCpu=CURRENT, Microarch=Intel_Core7_CoffeeLake aidxTargetCpuEflFlavour={1,0}
00:00:05.125393 GIM: Using provider 'KVM' (Implementation version: 0)
00:00:05.125401 CPUM: SetGuestCpuIdFeature: Enabled Hypervisor Present bit
00:00:05.125428 GCM: Initialized (fixer bits: 0x0)
00:00:05.125500 AIOMgr: Default manager type is 'Async'
00:00:05.125505 AIOMgr: Default file backend is 'NonBuffered'
00:00:05.125548 BlkCache: Cache successfully initialized. Cache size is 5242880 bytes
00:00:05.125552 BlkCache: Cache commit interval is 10000 ms
00:00:05.125555 BlkCache: Cache commit threshold is 2621440 bytes
00:00:06.105728 PcBios: [SMP] BIOS with 2 CPUs
00:00:06.105754 PcBios: Using the 386+ BIOS image.
00:00:06.105811 PcBios: MPS table at 000e1300
00:00:06.106059 PcBios: Using LAN ROM 'C:\Program Files\Oracle\VirtualBox\ExtensionPacks\Oracle_VM_VirtualBox_Extension_Pack\PXE-Intel.rom' with a size of 0xc000 bytes
00:00:06.106182 PcBios: fCheckShutdownStatusForSoftReset=true  fClearShutdownStatusOnHardReset=true
00:00:06.106348 CPUM: SetGuestCpuIdFeature: Enabled xAPIC
00:00:06.107926 IOAPIC: Version=2.0 ChipType=ICH9
00:00:06.108002 PIT: mode=3 count=0x10000 (65536) - 18.20 Hz (ch=0)
00:00:06.108329 VMMDev: cbDefaultBudget: 1 073 741 824 (40000000)
00:00:06.126628 Shared Folders service loaded
00:00:06.142362 Guest Control service loaded
00:00:06.164450 VGA: Using the 386+ BIOS image.
00:00:06.165632 VD: VDInit finished with VINF_SUCCESS
00:00:06.232318 DrvVD: Flushes will be ignored
00:00:06.232326 DrvVD: Async flushes will be passed to the disk
00:00:06.234038 AIOMgr: Endpoint for file 'C:\Users\pozda\VirtualBox VMs\files011\ubuntu-focal-20.04-cloudimg.vmdk' (flags 000c0723) created successfully
00:00:06.249307 AIOMgr: Async flushes not supported
00:00:06.249363 VD: Opening the disk took 16239332 ns
00:00:06.249500 DrvVD: Flushes will be ignored
00:00:06.249505 DrvVD: Async flushes will be passed to the disk
00:00:06.250553 AIOMgr: Endpoint for file 'C:\Users\pozda\VirtualBox VMs\files011\ubuntu-focal-20.04-cloudimg-configdrive.vmdk' (flags 000c0723) created successfully
00:00:06.251970 AIOMgr: Async flushes not supported
00:00:06.252076 VD: Opening the disk took 1797666 ns
00:00:06.252698 PIIX3 ATA: LUN#0: no unit
00:00:06.252705 PIIX3 ATA: LUN#1: no unit
00:00:06.252742 PIIX3 ATA: LUN#2: no unit
00:00:06.252747 PIIX3 ATA: LUN#3: no unit
00:00:06.252861 PIIX3 ATA: Ctl#0: finished processing RESET
00:00:06.252891 PIIX3 ATA: Ctl#1: finished processing RESET
00:00:06.252943 E1000#0: Chip=82540EM LinkUpDelay=5000ms EthernetCRC=on GSO=enabled Itr=disabled ItrRx=enabled TID=disabled R0=disabled RC=disabled
00:00:06.258164 NAT: Guest address guess set to 10.0.2.15 by initialization
00:00:06.284515 NAT: DNS#0: 192.168.31.1
00:00:06.313939 NAT: Set redirect TCP 127.0.0.1:2222 -> 0.0.0.0:22
00:00:06.314758 E1000#1: Chip=82540EM LinkUpDelay=5000ms EthernetCRC=on GSO=enabled Itr=disabled ItrRx=enabled TID=disabled R0=disabled RC=disabled
00:00:06.314843 IntNet#0: szNetwork={HostInterfaceNetworking-Intel(R) Ethernet Connection (7) I219-V} enmTrunkType=3 szTrunk={\DEVICE\{962C248B-6EA4-4CAA-A8D7-2C7C71D5B3DB}} fFlags=0x8000 cbRecv=325632 cbSend=196608 fIgnoreConnectFailure=false
00:00:06.315330 AC97: Using codec 'STAC9700'
00:00:06.344602 Audio: Found 7 devices for driver 'WasAPI'
00:00:06.344614 Audio: Device 'Динамики (SW-HS700G)':
00:00:06.344614 Audio:   ID              = {0.0.0.00000000}.{415127da-0ec9-448d-adbe-86f1eb846732}
00:00:06.344615 Audio:   Usage           = output
00:00:06.344615 Audio:   Flags           = DEFAULT_OUT
00:00:06.344615 Audio:   Input channels  = 0
00:00:06.344616 Audio:   Output channels = 2
00:00:06.344620 Audio: Device '24G2W1G5 (NVIDIA High Definition Audio)':
00:00:06.344620 Audio:   ID              = {0.0.0.00000000}.{19576a9f-effc-4ebe-8d77-d0e620704aca}
00:00:06.344620 Audio:   Usage           = output
00:00:06.344621 Audio:   Flags           = NONE
00:00:06.344621 Audio:   Input channels  = 0
00:00:06.344621 Audio:   Output channels = 2
00:00:06.344624 Audio: Device 'Динамики (SW-HS700G)':
00:00:06.344625 Audio:   ID              = {0.0.0.00000000}.{415127da-0ec9-448d-adbe-86f1eb846732}
00:00:06.344625 Audio:   Usage           = output
00:00:06.344625 Audio:   Flags           = NONE
00:00:06.344625 Audio:   Input channels  = 0
00:00:06.344626 Audio:   Output channels = 2
00:00:06.344629 Audio: Device 'Realtek Digital Output (Realtek(R) Audio)':
00:00:06.344629 Audio:   ID              = {0.0.0.00000000}.{5970bd4f-274d-4986-887c-bf504aa9d18d}
00:00:06.344629 Audio:   Usage           = output
00:00:06.344629 Audio:   Flags           = NONE
00:00:06.344630 Audio:   Input channels  = 0
00:00:06.344630 Audio:   Output channels = 2
00:00:06.344633 Audio: Device '24G2W1G5 (NVIDIA High Definition Audio)':
00:00:06.344633 Audio:   ID              = {0.0.0.00000000}.{85e25005-d327-4dec-9bef-4a8e253ecce2}
00:00:06.344633 Audio:   Usage           = output
00:00:06.344634 Audio:   Flags           = NONE
00:00:06.344634 Audio:   Input channels  = 0
00:00:06.344634 Audio:   Output channels = 2
00:00:06.344637 Audio: Device 'Microphone (SW-HS700G)':
00:00:06.344637 Audio:   ID              = {0.0.1.00000000}.{64ae2e20-991a-45f3-a733-44c8d5283337}
00:00:06.344638 Audio:   Usage           = input
00:00:06.344638 Audio:   Flags           = DEFAULT_IN
00:00:06.344638 Audio:   Input channels  = 1
00:00:06.344638 Audio:   Output channels = 0
00:00:06.344641 Audio: Device 'Microphone (SW-HS700G)':
00:00:06.344642 Audio:   ID              = {0.0.1.00000000}.{64ae2e20-991a-45f3-a733-44c8d5283337}
00:00:06.344642 Audio:   Usage           = input
00:00:06.344642 Audio:   Flags           = NONE
00:00:06.344642 Audio:   Input channels  = 1
00:00:06.344643 Audio:   Output channels = 0
00:00:06.344742 AC97: Reset
00:00:06.344748 AC97: Mixer reset (EAID=0x809, EACS=0x9)
00:00:06.344752 AC97: Record select to left=mic, right=mic
00:00:06.345093 Serial#0: emulating 16550A (IOBase: 03f8 IRQ: 4)
00:00:06.345153 RawFile#0: location NUL
00:00:06.345404 PGM: The CPU physical address width is 39 bits
00:00:06.345413 PGM: PGMR3InitFinalize: 4 MB PSE mask 0000007fffffffff -> VINF_SUCCESS
00:00:06.345420 TM: TMR3InitFinalize: fTSCModeSwitchAllowed=false
00:00:06.345828 VMM: Thread-context hooks unavailable
00:00:06.345835 VMM: RTThreadPreemptIsPending() can be trusted
00:00:06.345838 VMM: Kernel preemption is possible
00:00:06.345929 EM: Exit history optimizations: enabled=true enabled-r0=true enabled-r0-no-preemption=false
00:00:06.345949 PcBios: SCSI LUN#0 LCHS not provided
00:00:06.345954 PcBios: SCSI LUN#1 LCHS not provided
00:00:06.345961 APIC: fPostedIntrsEnabled=false fVirtApicRegsEnabled=false fSupportsTscDeadline=false
00:00:06.345969 TMR3UtcNow: nsNow=1 706 367 176 094 294 700 nsPrev=0 -> cNsDelta=1 706 367 176 094 294 700 (offLag=0 offVirtualSync=0 offVirtualSyncGivenUp=0, NowAgain=1 706 367 176 094 294 700)
00:00:06.345979 VMM: fUsePeriodicPreemptionTimers=true
00:00:06.346038 CPUM: Logical host processors: 6 present, 6 max, 6 online, online mask: 000000000000003f
00:00:06.346039 CPUM: Physical host cores: 6
00:00:06.346040 ************************* CPUID dump ************************
00:00:06.346045          Raw Standard CPUID Leaves
00:00:06.346045      Leaf/sub-leaf  eax      ebx      ecx      edx
00:00:06.346048 Gst: 00000000/0000  00000016 756e6547 6c65746e 49656e69
00:00:06.346049 Hst:                00000016 756e6547 6c65746e 49656e69
00:00:06.346050 Gst: 00000001/0000  000906ea 00020800 c2da2203 178bfbff
00:00:06.346051 Hst:                000906ea 04100800 fffaf38f bfebfbff
00:00:06.346052 Gst: 00000002/0000  76036301 00f0b6ff 00000000 00c30000
00:00:06.346053 Hst:                76036301 00f0b6ff 00000000 00c30000
00:00:06.346054 Gst: 00000003/0000  00000000 00000000 00000000 00000000
00:00:06.346054 Hst:                00000000 00000000 00000000 00000000
00:00:06.346055 Gst: 00000004/0000  04000121 01c0003f 0000003f 00000000
00:00:06.346056 Hst:                1c004121 01c0003f 0000003f 00000000
00:00:06.346057 Gst: 00000004/0001  04000122 01c0003f 0000003f 00000000
00:00:06.346058 Hst:                1c004122 01c0003f 0000003f 00000000
00:00:06.346058 Gst: 00000004/0002  04000143 00c0003f 000003ff 00000000
00:00:06.346059 Hst:                1c004143 00c0003f 000003ff 00000000
00:00:06.346060 Gst: 00000004/0003  04000163 02c0003f 00002fff 00000006
00:00:06.346061 Hst:                1c03c163 02c0003f 00002fff 00000006
00:00:06.346062 Gst: 00000004/0004  04000000 00000000 00000000 00000000
00:00:06.346062 Hst:                00000000 00000000 00000000 00000000
00:00:06.346063 Gst: 00000005/0000  00000000 00000000 00000000 00000000
00:00:06.346063 Hst:                00000040 00000040 00000003 00042120
00:00:06.346065 Gst: 00000006/0000  00000000 00000000 00000000 00000000
00:00:06.346065 Hst:                000007f3 00000002 00000001 00000000
00:00:06.346066 Gst: 00000007/0000  00000000 00842509 00000000 30000400
00:00:06.346067 Hst:                00000000 009c6fb9 00000000 bc000400
00:00:06.346068 Gst: 00000007/0001  00000000 00000000 00000000 00000000
00:00:06.346068 Hst:                00000000 00000000 00000000 00000000
00:00:06.346069 Gst: 00000008/0000  00000000 00000000 00000000 00000000
00:00:06.346069 Hst:                00000000 00000000 00000000 00000000
00:00:06.346070 Gst: 00000009/0000  00000000 00000000 00000000 00000000
00:00:06.346071 Hst:                00000000 00000000 00000000 00000000
00:00:06.346071 Gst: 0000000a/0000  00000000 00000000 00000000 00000000
00:00:06.346072 Hst:                07300804 00000000 00000000 00000603
00:00:06.346073 Gst: 0000000b/0000  00000000 00000001 00000100 00000000
00:00:06.346073 Hst:                00000001 00000001 00000100 00000004
00:00:06.346074 Gst: 0000000b/0001  00000001 00000002 00000201 00000000
00:00:06.346074 Hst:                00000004 00000006 00000201 00000004
00:00:06.346075 Gst: 0000000b/0002  00000000 00000000 00000002 00000000
00:00:06.346075 Hst:                00000000 00000000 00000002 00000004
00:00:06.346076 Gst: 0000000c/0000  00000000 00000000 00000000 00000000
00:00:06.346077 Hst:                00000000 00000000 00000000 00000000
00:00:06.346077 Gst: 0000000d/0000  00000000 00000000 00000000 00000000
00:00:06.346078 Hst:                0000001f 00000440 00000440 00000000
00:00:06.346079 Gst: 0000000d/0001  00000000 00000000 00000000 00000000
00:00:06.346079 Hst:                0000000f 000003c0 00000000 00000000
00:00:06.346080 Gst: 0000000d/0002  00000000 00000000 00000000 00000000
00:00:06.346081 Hst:                00000100 00000240 00000000 00000000
00:00:06.346081 Gst: 0000000d/0003  00000000 00000000 00000000 00000000
00:00:06.346082 Hst:                00000040 000003c0 00000000 00000000
00:00:06.346083 Gst: 0000000d/0004  00000000 00000000 00000000 00000000
00:00:06.346083 Hst:                00000040 00000400 00000000 00000000
00:00:06.346084 Gst: 0000000d/0005  00000000 00000000 00000000 00000000
00:00:06.346084 Hst:                00000000 00000000 00000000 00000000
00:00:06.346128 Gst: 0000000e/0000  00000000 00000000 00000000 00000000
00:00:06.346128 Hst:                00000000 00000000 00000000 00000000
00:00:06.346129 Gst: 0000000f/0000  00000000 00000000 00000000 00000000
00:00:06.346129 Hst:                00000000 00000000 00000000 00000000
00:00:06.346130 Gst: 00000010/0000  00000000 00000000 00000000 00000000
00:00:06.346131 Hst:                00000000 00000000 00000000 00000000
00:00:06.346131 Gst: 00000011/0000  00000000 00000000 00000000 00000000
00:00:06.346132 Hst:                00000000 00000000 00000000 00000000
00:00:06.346133 Gst: 00000012/0000  00000000 00000000 00000000 00000000
00:00:06.346133 Hst:                00000000 00000000 00000000 00000000
00:00:06.346134 Gst: 00000013/0000  00000000 00000000 00000000 00000000
00:00:06.346134 Hst:                00000000 00000000 00000000 00000000
00:00:06.346135 Gst: 00000014/0000  00000000 00000000 00000000 00000000
00:00:06.346136 Hst:                00000001 0000000f 00000003 00000000
00:00:06.346137 Hst: 00000015/0000  00000002 0000012c 00000000 00000000
00:00:06.346138 Hst: 00000016/0000  00000000 00000000 00000000 00000000
00:00:06.346138                                Name: GenuineIntel
00:00:06.346139                            Supports: 0x00000000-0x00000016
00:00:06.346141                              Family:  6 	Extended: 0 	Effective: 6
00:00:06.346142                               Model: 14 	Extended: 9 	Effective: 158
00:00:06.346143                            Stepping: 10
00:00:06.346144                                Type: 0 (primary)
00:00:06.346144                             APIC ID: 0x00
00:00:06.346145                        Logical CPUs: 2
00:00:06.346145                        CLFLUSH Size: 8
00:00:06.346146                            Brand ID: 0x00
00:00:06.346147 Features
00:00:06.346149   Mnemonic - Description                                  = guest (host)
00:00:06.346149   FPU - x87 FPU on Chip                                   = 1 (1)
00:00:06.346150   VME - Virtual 8086 Mode Enhancements                    = 1 (1)
00:00:06.346151   DE - Debugging extensions                               = 1 (1)
00:00:06.346152   PSE - Page Size Extension                               = 1 (1)
00:00:06.346152   TSC - Time Stamp Counter                                = 1 (1)
00:00:06.346153   MSR - Model Specific Registers                          = 1 (1)
00:00:06.346154   PAE - Physical Address Extension                        = 1 (1)
00:00:06.346154   MCE - Machine Check Exception                           = 1 (1)
00:00:06.346155   CX8 - CMPXCHG8B instruction                             = 1 (1)
00:00:06.346164   APIC - APIC On-Chip                                     = 1 (1)
00:00:06.346165   SEP - SYSENTER and SYSEXIT Present                      = 1 (1)
00:00:06.346166   MTRR - Memory Type Range Registers                      = 1 (1)
00:00:06.346166   PGE - PTE Global Bit                                    = 1 (1)
00:00:06.346167   MCA - Machine Check Architecture                        = 1 (1)
00:00:06.346168   CMOV - Conditional Move instructions                    = 1 (1)
00:00:06.346168   PAT - Page Attribute Table                              = 1 (1)
00:00:06.346169   PSE-36 - 36-bit Page Size Extension                     = 1 (1)
00:00:06.346170   PSN - Processor Serial Number                           = 0 (0)
00:00:06.346170   CLFSH - CLFLUSH instruction                             = 1 (1)
00:00:06.346171   DS - Debug Store                                        = 0 (1)
00:00:06.346172   ACPI - Thermal Mon. & Soft. Clock Ctrl.                 = 0 (1)
00:00:06.346172   MMX - Intel MMX Technology                              = 1 (1)
00:00:06.346173   FXSR - FXSAVE and FXRSTOR instructions                  = 1 (1)
00:00:06.346174   SSE - SSE support                                       = 1 (1)
00:00:06.346174   SSE2 - SSE2 support                                     = 1 (1)
00:00:06.346175   SS - Self Snoop                                         = 0 (1)
00:00:06.346176   HTT - Hyper-Threading Technology                        = 1 (1)
00:00:06.346176   TM - Therm. Monitor                                     = 0 (1)
00:00:06.346177   PBE - Pending Break Enabled                             = 0 (1)
00:00:06.346178   SSE3 - SSE3 support                                     = 1 (1)
00:00:06.346178   PCLMUL - PCLMULQDQ support (for AES-GCM)                = 1 (1)
00:00:06.346179   DTES64 - DS Area 64-bit Layout                          = 0 (1)
00:00:06.346180   MONITOR - MONITOR/MWAIT instructions                    = 0 (1)
00:00:06.346180   CPL-DS - CPL Qualified Debug Store                      = 0 (0)
00:00:06.346181   VMX - Virtual Machine Extensions                        = 0 (0)
00:00:06.346181   SMX - Safer Mode Extensions                             = 0 (0)
00:00:06.346184   EST - Enhanced SpeedStep Technology                     = 0 (1)
00:00:06.346184   TM2 - Terminal Monitor 2                                = 0 (1)
00:00:06.346185   SSSE3 - Supplemental Streaming SIMD Extensions 3        = 1 (1)
00:00:06.346186   CNTX-ID - L1 Context ID                                 = 0 (0)
00:00:06.346186   SDBG - Silicon Debug interface                          = 0 (0)
00:00:06.346187   FMA - Fused Multiply Add extensions                     = 0 (1)
00:00:06.346187   CX16 - CMPXCHG16B instruction                           = 1 (1)
00:00:06.346188   TPRUPDATE - xTPR Update Control                         = 0 (1)
00:00:06.346189   PDCM - Perf/Debug Capability MSR                        = 0 (1)
00:00:06.346189   PCID - Process Context Identifiers                      = 1 (1)
00:00:06.346190   DCA - Direct Cache Access                               = 0 (0)
00:00:06.346191   SSE4_1 - SSE4_1 support                                 = 1 (1)
00:00:06.346191   SSE4_2 - SSE4_2 support                                 = 1 (1)
00:00:06.346192   X2APIC - x2APIC support                                 = 0 (1)
00:00:06.346193   MOVBE - MOVBE instruction                               = 1 (1)
00:00:06.346193   POPCNT - POPCNT instruction                             = 1 (1)
00:00:06.346194   TSCDEADL - Time Stamp Counter Deadline                  = 0 (1)
00:00:06.346194   AES - AES instructions                                  = 1 (1)
00:00:06.346195   XSAVE - XSAVE instruction                               = 0 (1)
00:00:06.346196   OSXSAVE - OSXSAVE instruction                           = 0 (1)
00:00:06.346196   AVX - AVX support                                       = 0 (1)
00:00:06.346197   F16C - 16-bit floating point conversion instructions    = 0 (1)
00:00:06.346198   RDRAND - RDRAND instruction                             = 1 (1)
00:00:06.346198   HVP - Hypervisor Present (we're a guest)                = 1 (1)
00:00:06.346199 Structured Extended Feature Flags Enumeration (leaf 7):
00:00:06.346200   Mnemonic - Description                                  = guest (host)
00:00:06.346200   FSGSBASE - RDFSBASE/RDGSBASE/WRFSBASE/WRGSBASE instr.   = 1 (1)
00:00:06.346201   TSCADJUST - Supports MSR_IA32_TSC_ADJUST                = 0 (0)
00:00:06.346201   SGX - Supports Software Guard Extensions                = 0 (0)
00:00:06.346202   BMI1 - Advanced Bit Manipulation extension 1            = 1 (1)
00:00:06.346202   HLE - Hardware Lock Elision                             = 0 (1)
00:00:06.346203   AVX2 - Advanced Vector Extensions 2                     = 0 (1)
00:00:06.346204   FDP_EXCPTN_ONLY - FPU DP only updated on exceptions     = 0 (0)
00:00:06.346204   SMEP - Supervisor Mode Execution Prevention             = 0 (1)
00:00:06.346205   BMI2 - Advanced Bit Manipulation extension 2            = 1 (1)
00:00:06.346205   ERMS - Enhanced REP MOVSB/STOSB instructions            = 0 (1)
00:00:06.346206   INVPCID - INVPCID instruction                           = 1 (1)
00:00:06.346206   RTM - Restricted Transactional Memory                   = 0 (1)
00:00:06.346207   PQM - Platform Quality of Service Monitoring            = 0 (0)
00:00:06.346207   DEPFPU_CS_DS - Deprecates FPU CS, FPU DS values if set  = 1 (1)
00:00:06.346208   MPE - Intel Memory Protection Extensions                = 0 (1)
00:00:06.346208   PQE - Platform Quality of Service Enforcement           = 0 (0)
00:00:06.346209   AVX512F - AVX512 Foundation instructions                = 0 (0)
00:00:06.346209   RDSEED - RDSEED instruction                             = 1 (1)
00:00:06.346210   ADX - ADCX/ADOX instructions                            = 0 (1)
00:00:06.346211   SMAP - Supervisor Mode Access Prevention                = 0 (1)
00:00:06.346211   CLFLUSHOPT - CLFLUSHOPT (Cache Line Flush) instruction  = 1 (1)
00:00:06.346212   INTEL_PT - Intel Processor Trace                        = 0 (0)
00:00:06.346212   AVX512PF - AVX512 Prefetch instructions                 = 0 (0)
00:00:06.346213   AVX512ER - AVX512 Exponential & Reciprocal instructions = 0 (0)
00:00:06.346213   AVX512CD - AVX512 Conflict Detection instructions       = 0 (0)
00:00:06.346214   SHA - Secure Hash Algorithm extensions                  = 0 (0)
00:00:06.346215   PREFETCHWT1 - PREFETCHWT1 instruction                   = 0 (0)
00:00:06.346215   UMIP - User mode insturction prevention                 = 0 (0)
00:00:06.346216   PKU - Protection Key for Usermode pages                 = 0 (0)
00:00:06.346216   OSPKE - CR4.PKU mirror                                  = 0 (0)
00:00:06.346217   MAWAU - Value used by BNDLDX & BNDSTX                   = 0x0 (0x0)
00:00:06.346218   RDPID - Read processor ID support                       = 0 (0)
00:00:06.346218   SGX_LC - Supports SGX Launch Configuration              = 0 (0)
00:00:06.346219   MD_CLEAR - Supports MDS related buffer clearing         = 1 (1)
00:00:06.346220   IBRS_IBPB - IA32_SPEC_CTRL.IBRS and IA32_PRED_CMD.IBPB  = 0 (1)
00:00:06.346220   STIBP - Supports IA32_SPEC_CTRL.STIBP                   = 0 (1)
00:00:06.346221   FLUSH_CMD - Supports IA32_FLUSH_CMD                     = 1 (1)
00:00:06.346221   ARCHCAP - Supports IA32_ARCH_CAP                        = 1 (1)
00:00:06.346222   CORECAP - Supports IA32_CORE_CAP                        = 0 (0)
00:00:06.346222   SSBD - Supports IA32_SPEC_CTRL.SSBD                     = 0 (1)
00:00:06.346224 Processor Extended State Enumeration (leaf 0xd):
00:00:06.346225    XSAVE area cur/max size by XCR0, guest: 0x0/0x0
00:00:06.346226     XSAVE area cur/max size by XCR0, host: 0x440/0x440
00:00:06.346226                    Valid XCR0 bits, guest: 0x00000000`00000000
00:00:06.346227                     Valid XCR0 bits, host: 0x00000000`0000001f ( x87 SSE YMM_Hi128 BNDREGS BNDCSR )
00:00:06.346230                     XSAVE features, guest:
00:00:06.346231                      XSAVE features, host: XSAVEOPT XSAVEC XGETBC1 XSAVES
00:00:06.346232       XSAVE area cur size XCR0|XSS, guest: 0x0
00:00:06.346232        XSAVE area cur size XCR0|XSS, host: 0x3c0
00:00:06.346233                Valid IA32_XSS bits, guest: 0x00000000`00000000
00:00:06.346233                 Valid IA32_XSS bits, host: 0x00000000`00000000
00:00:06.346234   State #2, host:  off=0x0240, cb=0x0100 IA32_XSS-bit -- YMM_Hi128
00:00:06.346236   State #3, host:  off=0x03c0, cb=0x0040 IA32_XSS-bit -- BNDREGS
00:00:06.346237   State #4, host:  off=0x0400, cb=0x0040 IA32_XSS-bit -- BNDCSR
00:00:06.346258          Unknown CPUID Leaves
00:00:06.346259      Leaf/sub-leaf  eax      ebx      ecx      edx
00:00:06.346259 Gst: 00000014/0001  00000000 00000000 00000000 00000000
00:00:06.346260 Hst:                02490002 003f3fff 00000000 00000000
00:00:06.346261 Gst: 00000014/0002  00000000 00000000 00000000 00000000
00:00:06.346261 Hst:                00000000 00000000 00000000 00000000
00:00:06.346262 Gst: 00000015/0000  00000000 00000000 00000000 00000000
00:00:06.346263 Hst:                00000002 0000012c 00000000 00000000
00:00:06.346263 Gst: 00000016/0000  00000000 00000000 00000000 00000000
00:00:06.346264 Hst:                00000000 00000000 00000000 00000000
00:00:06.346265          Raw Hypervisor CPUID Leaves
00:00:06.346265      Leaf/sub-leaf  eax      ebx      ecx      edx
00:00:06.346266 Gst: 40000000/0000  40000001 4b4d564b 564b4d56 0000004d
00:00:06.346266 Hst:                4000000c 7263694d 666f736f 76482074
00:00:06.346267 Gst: 40000001/0000  01000089 00000000 00000000 00000000
00:00:06.346268 Hst:                31237648 00000000 00000000 00000000
00:00:06.346269          Raw Extended CPUID Leaves
00:00:06.346269      Leaf/sub-leaf  eax      ebx      ecx      edx
00:00:06.346270 Gst: 80000000/0000  80000008 00000000 00000000 00000000
00:00:06.346270 Hst:                80000008 00000000 00000000 00000000
00:00:06.346271 Gst: 80000001/0000  00000000 00000000 00000121 28100800
00:00:06.346272 Hst:                00000000 00000000 00000121 2c100800
00:00:06.346273 Gst: 80000002/0000  65746e49 2952286c 726f4320 4d542865
00:00:06.346273 Hst:                65746e49 2952286c 726f4320 4d542865
00:00:06.346274 Gst: 80000003/0000  35692029 3036382d 43204b30 40205550
00:00:06.346275 Hst:                35692029 3036382d 43204b30 40205550
00:00:06.346276 Gst: 80000004/0000  362e3320 7a484730 00000000 00000000
00:00:06.346276 Hst:                362e3320 7a484730 00000000 00000000
00:00:06.346277 Gst: 80000005/0000  00000000 00000000 00000000 00000000
00:00:06.346278 Hst:                00000000 00000000 00000000 00000000
00:00:06.346279 Gst: 80000006/0000  00000000 00000000 01006040 00000000
00:00:06.346279 Hst:                00000000 00000000 01006040 00000000
00:00:06.346280 Gst: 80000007/0000  00000000 00000000 00000000 00000100
00:00:06.346281 Hst:                00000000 00000000 00000000 00000100
00:00:06.346282 Gst: 80000008/0000  00003027 00000000 00000000 00000000
00:00:06.346282 Hst:                00003027 00000000 00000000 00000000
00:00:06.346283 Ext Name:                        
00:00:06.346283 Ext Supports:                    0x80000000-0x80000008
00:00:06.346283 Family:                          0  	Extended: 0 	Effective: 0
00:00:06.346284 Model:                           0  	Extended: 0 	Effective: 0
00:00:06.346284 Stepping:                        0
00:00:06.346284 Brand ID:                        0x000
00:00:06.346285 Ext Features
00:00:06.346286   Mnemonic - Description                                  = guest (host)
00:00:06.346286   FPU - x87 FPU on Chip                                   = 0 (0)
00:00:06.346287   VME - Virtual 8086 Mode Enhancements                    = 0 (0)
00:00:06.346287   DE - Debugging extensions                               = 0 (0)
00:00:06.346288   PSE - Page Size Extension                               = 0 (0)
00:00:06.346289   TSC - Time Stamp Counter                                = 0 (0)
00:00:06.346290   MSR - K86 Model Specific Registers                      = 0 (0)
00:00:06.346290   PAE - Physical Address Extension                        = 0 (0)
00:00:06.346291   MCE - Machine Check Exception                           = 0 (0)
00:00:06.346291   CX8 - CMPXCHG8B instruction                             = 0 (0)
00:00:06.346292   APIC - APIC On-Chip                                     = 0 (0)
00:00:06.346293   SEP - SYSCALL/SYSRET                                    = 1 (1)
00:00:06.346293   MTRR - Memory Type Range Registers                      = 0 (0)
00:00:06.346294   PGE - PTE Global Bit                                    = 0 (0)
00:00:06.346295   MCA - Machine Check Architecture                        = 0 (0)
00:00:06.346295   CMOV - Conditional Move instructions                    = 0 (0)
00:00:06.346296   PAT - Page Attribute Table                              = 0 (0)
00:00:06.346296   PSE-36 - 36-bit Page Size Extension                     = 0 (0)
00:00:06.346297   NX - No-Execute/Execute-Disable                         = 1 (1)
00:00:06.346298   AXMMX - AMD Extensions to MMX instructions              = 0 (0)
00:00:06.346298   MMX - Intel MMX Technology                              = 0 (0)
00:00:06.346299   FXSR - FXSAVE and FXRSTOR Instructions                  = 0 (0)
00:00:06.346299   FFXSR - AMD fast FXSAVE and FXRSTOR instructions        = 0 (0)
00:00:06.346300   Page1GB - 1 GB large page                               = 0 (1)
00:00:06.346301   RDTSCP - RDTSCP instruction                             = 1 (1)
00:00:06.346301   LM - AMD64 Long Mode                                    = 1 (1)
00:00:06.346302   3DNOWEXT - AMD Extensions to 3DNow                      = 0 (0)
00:00:06.346303   3DNOW - AMD 3DNow                                       = 0 (0)
00:00:06.346304   LahfSahf - LAHF/SAHF support in 64-bit mode             = 1 (1)
00:00:06.346305   CmpLegacy - Core multi-processing legacy mode           = 0 (0)
00:00:06.346305   SVM - AMD Secure Virtual Machine extensions             = 0 (0)
00:00:06.346306   EXTAPIC - AMD Extended APIC registers                   = 0 (0)
00:00:06.346306   CR8L - AMD LOCK MOV CR0 means MOV CR8                   = 0 (0)
00:00:06.346307   ABM - AMD Advanced Bit Manipulation                     = 1 (1)
00:00:06.346307   SSE4A - SSE4A instructions                              = 0 (0)
00:00:06.346308   MISALIGNSSE - AMD Misaligned SSE mode                   = 0 (0)
00:00:06.346309   3DNOWPRF - AMD PREFETCH and PREFETCHW instructions      = 1 (1)
00:00:06.346309   OSVW - AMD OS Visible Workaround                        = 0 (0)
00:00:06.346310   IBS - Instruct Based Sampling                           = 0 (0)
00:00:06.346311   XOP - Extended Operation support                        = 0 (0)
00:00:06.346311   SKINIT - SKINIT, STGI, and DEV support                  = 0 (0)
00:00:06.346312   WDT - AMD Watchdog Timer support                        = 0 (0)
00:00:06.346312   LWP - Lightweight Profiling support                     = 0 (0)
00:00:06.346313   FMA4 - Four operand FMA instruction support             = 0 (0)
00:00:06.346314   NodeId - NodeId in MSR C001_100C                        = 0 (0)
00:00:06.346314   TBM - Trailing Bit Manipulation instructions            = 0 (0)
00:00:06.346315   TOPOEXT - Topology Extensions                           = 0 (0)
00:00:06.346315   PRFEXTCORE - Performance Counter Extensions support     = 0 (0)
00:00:06.346316   PRFEXTNB - NB Performance Counter Extensions support    = 0 (0)
00:00:06.346316   DATABPEXT - Data-access Breakpoint Extension            = 0 (0)
00:00:06.346317   PERFTSC - Performance Time Stamp Counter                = 0 (0)
00:00:06.346317   PCX_L2I - L2I/L3 Performance Counter Extensions         = 0 (0)
00:00:06.346318   MWAITX - MWAITX and MONITORX instructions               = 0 (0)
00:00:06.346319 Full Name:                       "Intel(R) Core(TM) i5-8600K CPU @ 3.60GHz"
00:00:06.346321 TLB 2/4M Instr/Uni:              res0     0 entries
00:00:06.346321 TLB 2/4M Data:                   res0     0 entries
00:00:06.346322 TLB 4K Instr/Uni:                res0     0 entries
00:00:06.346322 TLB 4K Data:                     res0     0 entries
00:00:06.346322 L1 Instr Cache Line Size:        0 bytes
00:00:06.346322 L1 Instr Cache Lines Per Tag:    0
00:00:06.346323 L1 Instr Cache Associativity:    res0  
00:00:06.346323 L1 Instr Cache Size:             0 KB
00:00:06.346323 L1 Data Cache Line Size:         0 bytes
00:00:06.346323 L1 Data Cache Lines Per Tag:     0
00:00:06.346324 L1 Data Cache Associativity:     res0  
00:00:06.346324 L1 Data Cache Size:              0 KB
00:00:06.346324 L2 TLB 2/4M Instr/Uni:           off       0 entries
00:00:06.346325 L2 TLB 2/4M Data:                off       0 entries
00:00:06.346325 L2 TLB 4K Instr/Uni:             off       0 entries
00:00:06.346325 L2 TLB 4K Data:                  off       0 entries
00:00:06.346325 L2 Cache Line Size:              0 bytes
00:00:06.346326 L2 Cache Lines Per Tag:          0
00:00:06.346326 L2 Cache Associativity:          off   
00:00:06.346326 L2 Cache Size:                   0 KB
00:00:06.346327   TS - Temperature Sensor                                 = 0 (0)
00:00:06.346328   FID - Frequency ID control                              = 0 (0)
00:00:06.346329   VID - Voltage ID control                                = 0 (0)
00:00:06.346330   TscInvariant - Invariant Time Stamp Counter             = 1 (1)
00:00:06.346330   CBP - Core Performance Boost                            = 0 (0)
00:00:06.346331   EffFreqRO - Read-only Effective Frequency Interface     = 0 (0)
00:00:06.346331   ProcFdbkIf - Processor Feedback Interface               = 0 (0)
00:00:06.346332   ProcPwrRep - Core power reporting interface support     = 0 (0)
00:00:06.346333 Physical Address Width:          39 bits
00:00:06.346334 Virtual Address Width:           48 bits
00:00:06.346334 Guest Physical Address Width:    0 bits
00:00:06.346334 Physical Core Count:             1
00:00:06.346335 
00:00:06.346335 ******************** End of CPUID dump **********************
00:00:06.346386 VMEmt: Halt method global1 (5)
00:00:06.346511 VMEmt: HaltedGlobal1 config: cNsSpinBlockThresholdCfg=50000
00:00:06.346589 Changing the VM state from 'CREATING' to 'CREATED'
00:00:06.347763 SharedFolders host service: Adding host mapping
00:00:06.347775     Host path '\\?\C:\vagrantvm\files01', map name 'vagrant', writable, automount=false, automntpnt=, create_symlinks=true, missing=false
00:00:06.348141 Changing the VM state from 'CREATED' to 'POWERING_ON'
00:00:06.348283 AIOMgr: Endpoints without assigned bandwidth groups:
00:00:06.348292 AIOMgr:     C:\Users\pozda\VirtualBox VMs\files011\ubuntu-focal-20.04-cloudimg-configdrive.vmdk
00:00:06.348296 AIOMgr:     C:\Users\pozda\VirtualBox VMs\files011\ubuntu-focal-20.04-cloudimg.vmdk
00:00:06.348545 Changing the VM state from 'POWERING_ON' to 'RUNNING'
00:00:06.348545 Console: Machine state changed to 'Running'
00:00:06.353493 VMMDev: Guest Log: BIOS: VirtualBox 7.0.10
00:00:06.353835 PCI: Setting up resources and interrupts
00:00:06.354438 PIT: mode=2 count=0x10000 (65536) - 18.20 Hz (ch=0)
00:00:06.356033 GUI: UIMachineViewNormal::resendSizeHint: Restoring guest size-hint for screen 0 to 800x600
00:00:06.356229 GUI: HID LEDs sync is enabled
00:00:06.365553 ERROR [COM]: aRC=VBOX_E_VM_ERROR (0x80bb0003) aIID={4680b2de-8690-11e9-b83d-5719e53cf1de} aComponent={DisplayWrap} aText={Could not take a screenshot (VERR_NOT_SUPPORTED)}, preserve=false aResultDetail=-37
00:00:06.366867 GUI: UIMachineLogicNormal::sltCheckForRequestedVisualStateType: Requested-state=1, Machine-state=6
00:00:06.379441 Display::i_handleDisplayResize: uScreenId=0 pvVRAM=0000000000000000 w=720 h=400 bpp=0 cbLine=0x0 flags=0x0 origin=0,0
00:00:06.391852 VMMDev: Guest Log: CPUID EDX: 0x178bfbff
00:00:06.393980 VMMDev: Guest Log: BIOS: SCSI 0-ID#0: LCHS=5220/255/63 0x0000000005000000 sectors
00:00:06.394962 VMMDev: Guest Log: BIOS: SCSI 1-ID#1: LCHS=10/64/32 0x0000000000005000 sectors
00:00:06.395058 LsiLogic#0: 2/0 (Bus/Target) doesn't exist
00:00:06.395071 LsiLogic#0: Guest issued CDB {0x12, 0x0, 0x0, 0x0, 0x5, 0x0}
00:00:06.395176 LsiLogic#0: 3/0 (Bus/Target) doesn't exist
00:00:06.395185 LsiLogic#0: Guest issued CDB {0x12, 0x0, 0x0, 0x0, 0x5, 0x0}
00:00:06.395268 LsiLogic#0: 4/0 (Bus/Target) doesn't exist
00:00:06.395276 LsiLogic#0: Guest issued CDB {0x12, 0x0, 0x0, 0x0, 0x5, 0x0}
00:00:06.395358 LsiLogic#0: 5/0 (Bus/Target) doesn't exist
00:00:06.395365 LsiLogic#0: Guest issued CDB {0x12, 0x0, 0x0, 0x0, 0x5, 0x0}
00:00:06.395518 LsiLogic#0: 6/0 (Bus/Target) doesn't exist
00:00:06.395528 LsiLogic#0: Guest issued CDB {0x12, 0x0, 0x0, 0x0, 0x5, 0x0}
00:00:06.395634 LsiLogic#0: 7/0 (Bus/Target) doesn't exist
00:00:06.395642 LsiLogic#0: Guest issued CDB {0x12, 0x0, 0x0, 0x0, 0x5, 0x0}
00:00:06.395746 LsiLogic#0: 8/0 (Bus/Target) doesn't exist
00:00:06.395753 LsiLogic#0: Guest issued CDB {0x12, 0x0, 0x0, 0x0, 0x5, 0x0}
00:00:06.395856 LsiLogic#0: 9/0 (Bus/Target) doesn't exist
00:00:06.395863 LsiLogic#0: Guest issued CDB {0x12, 0x0, 0x0, 0x0, 0x5, 0x0}
00:00:06.395985 LsiLogic#0: 10/0 (Bus/Target) doesn't exist
00:00:06.395995 LsiLogic#0: Guest issued CDB {0x12, 0x0, 0x0, 0x0, 0x5, 0x0}
00:00:06.396107 LsiLogic#0: 11/0 (Bus/Target) doesn't exist
00:00:06.396116 LsiLogic#0: Guest issued CDB {0x12, 0x0, 0x0, 0x0, 0x5, 0x0}
00:00:06.396226 LsiLogic#0: 12/0 (Bus/Target) doesn't exist
00:00:06.396235 LsiLogic#0: Guest issued CDB {0x12, 0x0, 0x0, 0x0, 0x5, 0x0}
00:00:06.396350 LsiLogic#0: 13/0 (Bus/Target) doesn't exist
00:00:06.396359 LsiLogic#0: Guest issued CDB {0x12, 0x0, 0x0, 0x0, 0x5, 0x0}
00:00:06.396495 LsiLogic#0: 14/0 (Bus/Target) doesn't exist
00:00:06.396504 LsiLogic#0: Guest issued CDB {0x12, 0x0, 0x0, 0x0, 0x5, 0x0}
00:00:06.396614 LsiLogic#0: 15/0 (Bus/Target) doesn't exist
00:00:06.396623 LsiLogic#0: Guest issued CDB {0x12, 0x0, 0x0, 0x0, 0x5, 0x0}
00:00:06.399561 PIT: mode=2 count=0x48d3 (18643) - 64.00 Hz (ch=0)
00:00:06.410643 Display::i_handleDisplayResize: uScreenId=0 pvVRAM=0000027df5040000 w=640 h=480 bpp=32 cbLine=0xA00 flags=0x0 origin=0,0
00:00:08.880193 PIT: mode=2 count=0x10000 (65536) - 18.20 Hz (ch=0)
00:00:08.880463 VMMDev: Guest Log: BIOS: Boot : bseqnr=1, bootseq=0231
00:00:08.880669 VMMDev: Guest Log: BIOS: Boot from Floppy 0 failed
00:00:08.880881 VMMDev: Guest Log: BIOS: Boot : bseqnr=2, bootseq=0023
00:00:08.881177 VMMDev: Guest Log: BIOS: CDROM boot failure code : 0002
00:00:08.881333 VMMDev: Guest Log: BIOS: Boot from CD-ROM failed
00:00:08.881546 VMMDev: Guest Log: BIOS: Boot : bseqnr=3, bootseq=0002
00:00:08.884682 Display::i_handleDisplayResize: uScreenId=0 pvVRAM=0000000000000000 w=720 h=400 bpp=0 cbLine=0x0 flags=0x0 origin=0,0
00:00:08.890744 VMMDev: Guest Log: BIOS: Booting from Hard Disk...
00:00:09.207449 GUI: UIMediumEnumerator: Medium-enumeration finished!
00:00:10.483194 GIM: KVM: VCPU  0: Enabled system-time struct. at 0x000000000a401000 - u32TscScale=0x8e38c94d i8TscShift=-1 uVersion=2 fFlags=0x1 uTsc=0x376db25f3 uVirtNanoTS=0xf659242d TscKHz=3600010
00:00:10.483220 TM: Host/VM is not suitable for using TSC mode 'RealTSCOffset', request to change TSC mode ignored
00:00:10.537540 GIM: KVM: Enabled wall-clock struct. at 0x000000000a400000 - u32Sec=1706367180 u32Nano=284512184 uVersion=2
00:00:11.172080 PIT: mode=2 count=0x12a5 (4773) - 249.98 Hz (ch=0)
00:00:11.428040 PIT: mode=0 count=0x10000 (65536) - 18.20 Hz (ch=0)
00:00:11.466049 GIM: KVM: VCPU  1: Enabled system-time struct. at 0x000000000a401040 - u32TscScale=0x8e38c94d i8TscShift=-1 uVersion=2 fFlags=0x1 uTsc=0x449c48357 uVirtNanoTS=0x130ef4187 TscKHz=3600010
00:00:11.466073 TM: Host/VM is not suitable for using TSC mode 'RealTSCOffset', request to change TSC mode ignored
00:00:14.013725 GUI: UISession::sltAdditionsChange: GA state really changed, notifying listeners
00:00:14.013752 GUI: UIMachineViewNormal::adjustGuestScreenSize: Adjust guest-screen size if necessary
00:00:14.013763 GUI: UISession::sltAdditionsChange: GA state change event came, notifying listeners
00:00:14.013766 GUI: UIMachineLogicNormal::sltCheckForRequestedVisualStateType: Requested-state=1, Machine-state=6
00:00:14.025498 Display::i_handleDisplayResize: uScreenId=0 pvVRAM=0000027df5040000 w=800 h=600 bpp=32 cbLine=0xC80 flags=0x1 origin=0,0
00:00:14.333997 GUI: UIMachineView::sltPerformGuestResize: Omitting to send size-hint 800x600 to guest-screen 0 because frame-buffer is already of the same size.
00:00:14.356367 GUI: UIMediumEnumerator: Medium-enumeration finished!
00:00:14.728578 LsiLogic#0: 2/0 (Bus/Target) doesn't exist
00:00:14.728599 LsiLogic#0: Guest issued CDB {0x12, 0x0, 0x0, 0x0, 0x24, 0x0}
00:00:14.729286 LsiLogic#0: 3/0 (Bus/Target) doesn't exist
00:00:14.729297 LsiLogic#0: Guest issued CDB {0x12, 0x0, 0x0, 0x0, 0x24, 0x0}
00:00:14.729910 LsiLogic#0: 4/0 (Bus/Target) doesn't exist
00:00:14.729918 LsiLogic#0: Guest issued CDB {0x12, 0x0, 0x0, 0x0, 0x24, 0x0}
00:00:14.730535 LsiLogic#0: 5/0 (Bus/Target) doesn't exist
00:00:14.730543 LsiLogic#0: Guest issued CDB {0x12, 0x0, 0x0, 0x0, 0x24, 0x0}
00:00:14.731144 LsiLogic#0: 6/0 (Bus/Target) doesn't exist
00:00:14.731151 LsiLogic#0: Guest issued CDB {0x12, 0x0, 0x0, 0x0, 0x24, 0x0}
00:00:14.731709 LsiLogic#0: 8/0 (Bus/Target) doesn't exist
00:00:14.731717 LsiLogic#0: Guest issued CDB {0x12, 0x0, 0x0, 0x0, 0x24, 0x0}
00:00:14.732332 LsiLogic#0: 9/0 (Bus/Target) doesn't exist
00:00:14.732339 LsiLogic#0: Guest issued CDB {0x12, 0x0, 0x0, 0x0, 0x24, 0x0}
00:00:14.732903 LsiLogic#0: 10/0 (Bus/Target) doesn't exist
00:00:14.732910 LsiLogic#0: Guest issued CDB {0x12, 0x0, 0x0, 0x0, 0x24, 0x0}
00:00:14.733470 LsiLogic#0: 11/0 (Bus/Target) doesn't exist
00:00:14.733477 LsiLogic#0: Guest issued CDB {0x12, 0x0, 0x0, 0x0, 0x24, 0x0}
00:00:14.734036 LsiLogic#0: 12/0 (Bus/Target) doesn't exist
00:00:14.734044 LsiLogic#0: Guest issued CDB {0x12, 0x0, 0x0, 0x0, 0x24, 0x0}
00:00:14.734626 LsiLogic#0: 13/0 (Bus/Target) doesn't exist
00:00:14.734634 LsiLogic#0: Guest issued CDB {0x12, 0x0, 0x0, 0x0, 0x24, 0x0}
00:00:14.735206 LsiLogic#0: 14/0 (Bus/Target) doesn't exist
00:00:14.735213 LsiLogic#0: Guest issued CDB {0x12, 0x0, 0x0, 0x0, 0x24, 0x0}
00:00:14.735778 LsiLogic#0: 15/0 (Bus/Target) doesn't exist
00:00:14.735785 LsiLogic#0: Guest issued CDB {0x12, 0x0, 0x0, 0x0, 0x24, 0x0}
00:00:17.356741 NAT: Link up
00:00:23.966527 VMMDev: Guest Additions information report: Version 6.1.32 r149290 '6.1.32_Ubuntu'
00:00:23.966574 VMMDev: Guest Additions information report: Interface = 0x00010004 osType = 0x00053100 (Linux >= 2.6, 64-bit)
00:00:23.966801 VMMDev: Guest Additions capability report: (0x0 -> 0x0) seamless: no, hostWindowMapping: no, graphics: no
00:00:23.966927 VMMDev: vmmDevReqHandler_HeartbeatConfigure: No change (fHeartbeatActive=false)
00:00:23.966956 VMMDev: Heartbeat flatline timer set to trigger after 4 000 000 000 ns
00:00:23.967010 VMMDev: Guest Log: vgdrvHeartbeatInit: Setting up heartbeat to trigger every 2000 milliseconds
00:00:23.973518 GUI: UISession::sltAdditionsChange: GA state really changed, notifying listeners
00:00:23.973543 GUI: UIMachineViewNormal::adjustGuestScreenSize: Adjust guest-screen size if necessary
00:00:23.973554 GUI: UISession::sltAdditionsChange: GA state change event came, notifying listeners
00:00:23.973559 GUI: UIMachineLogicNormal::sltCheckForRequestedVisualStateType: Requested-state=1, Machine-state=6
00:00:23.973595 GUI: UISession::sltAdditionsChange: GA state change event came, notifying listeners
00:00:23.973599 GUI: UIMachineLogicNormal::sltCheckForRequestedVisualStateType: Requested-state=1, Machine-state=6
00:00:23.981670 VMMDev: Guest Additions capability report: (0x0 -> 0x0) seamless: no, hostWindowMapping: no, graphics: no
00:00:23.981820 VMMDev: Guest Log: vboxguest: Successfully loaded version 6.1.32_Ubuntu r149290
00:00:23.981871 VMMDev: Guest Log: vboxguest: misc device minor 58, IRQ 20, I/O port d020, MMIO at 00000000f0400000 (size 0x400000)
00:00:23.983813 GUI: UISession::sltAdditionsChange: GA state really changed, notifying listeners
00:00:23.983834 GUI: UIMachineViewNormal::adjustGuestScreenSize: Adjust guest-screen size if necessary
00:00:23.983846 GUI: UISession::sltAdditionsChange: GA state change event came, notifying listeners
00:00:23.983850 GUI: UIMachineLogicNormal::sltCheckForRequestedVisualStateType: Requested-state=1, Machine-state=6
00:00:23.983894 GUI: UISession::sltAdditionsChange: GA state change event came, notifying listeners
00:00:23.983898 GUI: UIMachineLogicNormal::sltCheckForRequestedVisualStateType: Requested-state=1, Machine-state=6
00:00:27.205690 NAT: DHCP offered IP address 10.0.2.15
00:00:27.207604 NAT: DHCP offered IP address 10.0.2.15
00:00:27.220818 NAT: IPv6 not supported
00:00:30.261175 VMMDev: Guest Log: vboxsf: g_fHostFeatures=0x8000000f g_fSfFeatures=0x1 g_uSfLastFunction=29
00:00:30.262783 VMMDev: Guest Log: vboxsf: Successfully loaded version 6.1.32_Ubuntu r149290 on 5.4.0-113-generic SMP mod_unload modversions  (LINUX_VERSION_CODE=0x504b5)
00:00:30.264458 VMMDev: Guest Log: vboxsf: SHFL_FN_MAP_FOLDER failed for '/vagrant': share not found
00:00:30.850251 VMMDev: Guest Log: 14:53:19.669502 main     VBoxService 6.1.32_Ubuntu r149290 (verbosity: 0) linux.amd64 (Feb  8 2022 12:20:46) release log
00:00:30.850271 VMMDev: Guest Log: 14:53:19.669504 main     Log opened 2024-01-27T14:53:19.669499000Z
00:00:30.850384 VMMDev: Guest Log: 14:53:19.669644 main     OS Product: Linux
00:00:30.850438 VMMDev: Guest Log: 14:53:19.669699 main     OS Release: 5.4.0-113-generic
00:00:30.850683 VMMDev: Guest Log: 14:53:19.669751 main     OS Version: #127-Ubuntu SMP Wed May 18 14:30:56 UTC 2022
00:00:30.850738 VMMDev: Guest Log: 14:53:19.669998 main     Executable: /usr/sbin/VBoxService
00:00:30.850746 VMMDev: Guest Log: 14:53:19.669999 main     Process ID: 715
00:00:30.850749 VMMDev: Guest Log: 14:53:19.670000 main     Package type: LINUX_64BITS_GENERIC (OSE)
00:00:30.869350 VMMDev: Guest Log: 14:53:19.688610 main     6.1.32_Ubuntu r149290 started. Verbose level = 0
00:00:30.876520 GUI: UISession::sltAdditionsChange: GA state change event came, notifying listeners
00:00:30.876543 GUI: UIMachineLogicNormal::sltCheckForRequestedVisualStateType: Requested-state=1, Machine-state=6
00:00:30.884468 VMMDev: Guest Log: 14:53:19.703713 main     vbglR3GuestCtrlDetectPeekGetCancelSupport: Supported (#1)
00:00:30.884820 Guest Control: GUEST_MSG_REPORT_FEATURES: 0x7, 0x8000000000000000
00:00:30.896779 GUI: UISession::sltAdditionsChange: GA state really changed, notifying listeners
00:00:30.896806 GUI: UIMachineViewNormal::adjustGuestScreenSize: Adjust guest-screen size if necessary
00:00:30.896816 GUI: UISession::sltAdditionsChange: GA state change event came, notifying listeners
00:00:30.896820 GUI: UIMachineLogicNormal::sltCheckForRequestedVisualStateType: Requested-state=1, Machine-state=6
00:11:26.333327 VMMDev: vmmDevHeartbeatFlatlinedTimer: Guest seems to be unresponsive. Last heartbeat received 46 seconds ago
00:11:26.334019 VMMDev: GuestHeartBeat: Guest is alive (gone 46 012 827 642 ns)
